2020-11-17 09:49:55.387  INFO 12260 --- [main] c.s.m.MeajudaaajudarApplication          : Starting MeajudaaajudarApplication on DESKTOP-LIC1FJT with PID 12260 (C:\Eclipse\All projects\meajudaaajudar\target\classes started by computador in C:\Eclipse\All projects\meajudaaajudar)
2020-11-17 09:49:55.403 DEBUG 12260 --- [main] c.s.m.MeajudaaajudarApplication          : Running with Spring Boot v2.3.3.RELEASE, Spring v5.2.8.RELEASE
2020-11-17 09:49:55.406  INFO 12260 --- [main] c.s.m.MeajudaaajudarApplication          : The following profiles are active: dev
2020-11-17 09:49:56.156  INFO 12260 --- [main] .s.d.r.c.RepositoryConfigurationDelegate : Bootstrapping Spring Data JPA repositories in DEFAULT mode.
2020-11-17 09:49:56.276  INFO 12260 --- [main] .s.d.r.c.RepositoryConfigurationDelegate : Finished Spring Data repository scanning in 106ms. Found 7 JPA repository interfaces.
2020-11-17 09:49:57.371  INFO 12260 --- [main] o.s.b.w.embedded.tomcat.TomcatWebServer  : Tomcat initialized with port(s): 8080 (http)
2020-11-17 09:49:57.386  INFO 12260 --- [main] o.apache.catalina.core.StandardService   : Starting service [Tomcat]
2020-11-17 09:49:57.386  INFO 12260 --- [main] org.apache.catalina.core.StandardEngine  : Starting Servlet engine: [Apache Tomcat/9.0.37]
2020-11-17 09:49:57.775  INFO 12260 --- [main] org.apache.jasper.servlet.TldScanner     : At least one JAR was scanned for TLDs yet contained no TLDs. Enable debug logging for this logger for a complete list of JARs that were scanned but no TLDs were found in them. Skipping unneeded JARs during scanning can improve startup time and JSP compilation time.
2020-11-17 09:49:57.789  INFO 12260 --- [main] o.a.c.c.C.[Tomcat].[localhost].[/]       : Initializing Spring embedded WebApplicationContext
2020-11-17 09:49:57.789  INFO 12260 --- [main] w.s.c.ServletWebServerApplicationContext : Root WebApplicationContext: initialization completed in 2305 ms
2020-11-17 09:49:58.486  INFO 12260 --- [main] com.zaxxer.hikari.HikariDataSource       : HikariPool-1 - Starting...
2020-11-17 09:49:58.830  INFO 12260 --- [main] com.zaxxer.hikari.HikariDataSource       : HikariPool-1 - Start completed.
2020-11-17 09:50:01.415  INFO 12260 --- [main] j.LocalContainerEntityManagerFactoryBean : Initialized JPA EntityManagerFactory for persistence unit 'default'
2020-11-17 09:50:02.211  WARN 12260 --- [main] JpaBaseConfiguration$JpaWebConfiguration : spring.jpa.open-in-view is enabled by default. Therefore, database queries may be performed during view rendering. Explicitly configure spring.jpa.open-in-view to disable this warning
2020-11-17 09:50:02.651  INFO 12260 --- [main] o.s.s.web.DefaultSecurityFilterChain     : Creating filter chain: any request, [org.springframework.security.web.context.request.async.WebAsyncManagerIntegrationFilter@3833897c, org.springframework.security.web.context.SecurityContextPersistenceFilter@7668f8fd, org.springframework.security.web.header.HeaderWriterFilter@3183a37c, org.springframework.web.filter.CorsFilter@519eab1e, org.springframework.security.web.authentication.logout.LogoutFilter@48a61e38, com.sylleryum.meajudaaajudar.security.JwtUsernameAndPasswordAuthenticationFilter@7d2a4598, com.sylleryum.meajudaaajudar.security.TokenFilter@65880400, org.springframework.security.web.savedrequest.RequestCacheAwareFilter@6785786d, org.springframework.security.web.servletapi.SecurityContextHolderAwareRequestFilter@576323ff, org.springframework.security.web.authentication.AnonymousAuthenticationFilter@415419a4, org.springframework.security.web.session.SessionManagementFilter@7602c65d, org.springframework.security.web.access.ExceptionTranslationFilter@5a23b9d1, org.springframework.security.web.access.intercept.FilterSecurityInterceptor@490704a5]
2020-11-17 09:50:02.728  INFO 12260 --- [main] o.s.s.concurrent.ThreadPoolTaskExecutor  : Initializing ExecutorService 'applicationTaskExecutor'
2020-11-17 09:50:02.971  INFO 12260 --- [main] o.s.b.w.embedded.tomcat.TomcatWebServer  : Tomcat started on port(s): 8080 (http) with context path ''
2020-11-17 09:50:02.983  INFO 12260 --- [main] c.s.m.MeajudaaajudarApplication          : Started MeajudaaajudarApplication in 8.288 seconds (JVM running for 8.862)
2020-11-17 10:44:43.320  INFO 12260 --- [http-nio-8080-exec-2] o.a.c.c.C.[Tomcat].[localhost].[/]       : Initializing Spring DispatcherServlet 'dispatcherServlet'
2020-11-17 10:44:43.557  INFO 12260 --- [http-nio-8080-exec-2] o.s.web.servlet.DispatcherServlet        : Initializing Servlet 'dispatcherServlet'
2020-11-17 10:44:44.656  INFO 12260 --- [http-nio-8080-exec-2] o.s.web.servlet.DispatcherServlet        : Completed initialization in 1088 ms
2020-11-17 10:44:57.501 DEBUG 12260 --- [http-nio-8080-exec-2] c.s.m.repository.DonationRepository      : TraceId: 842b930f-a142-4e56-8db8-2721722a836a - DoaÁ„o feita a clique alimentos em: 2020-11-17T10:44:57.134385100
2020-11-17 10:44:57.501 DEBUG 12260 --- [http-nio-8080-exec-5] c.s.m.repository.DonationRepository      : TraceId: fc8cfed2-09db-4fff-9273-56ff148afc14 - DoaÁ„o feita a clique alimentos em: 2020-11-17T10:44:57.134385100
2020-11-17 10:45:12.829 DEBUG 12260 --- [http-nio-8080-exec-8] c.s.m.repository.DonationRepository      : TraceId: 5fbcd4e2-33b3-43e2-8d01-5d98836905c0 - DoaÁ„o feita a clique alimentos em: 2020-11-17T10:45:12.828898800
2020-11-17 10:45:12.907 DEBUG 12260 --- [http-nio-8080-exec-9] c.s.m.repository.DonationRepository      : TraceId: ac0a4a82-54af-45e6-ab81-f31b42ff848b - DoaÁ„o feita a clique alimentos em: 2020-11-17T10:45:12.905898600
2020-11-17 10:45:36.846 DEBUG 12260 --- [http-nio-8080-exec-6] c.s.m.repository.DonationRepository      : TraceId: dd35a11b-79f2-4221-8300-781a6c0c63cd - DoaÁ„o feita a clique alimentos em: 2020-11-17T10:45:36.845898900
2020-11-17 10:45:36.834 DEBUG 12260 --- [http-nio-8080-exec-5] c.s.m.repository.DonationRepository      : TraceId: d29c7284-4fd2-4434-94a1-7dcc148deeb1 - DoaÁ„o feita a clique alimentos em: 2020-11-17T10:45:36.833898100
2020-11-17 10:45:36.820  INFO 12260 --- [http-nio-8080-exec-7] c.s.meajudaaajudar.service.CausaService  : TraceId: b6d46d4b-ebf3-424f-85ee-dd04c5e065e3, cidadeId search
2020-11-17 10:45:36.890  INFO 12260 --- [http-nio-8080-exec-9] c.s.m.service.InstituicaoService         : TraceId: ff50b728-3292-43bf-b88c-bf2ad0767196, Instituicao search: Specification[Conjunction [innerSpecs=[Conjunction [innerSpecs=[Join [pathToJoinOn=cidadeEntity, alias=c, joinType=INNER, queryContext=WebRequestQueryContext [contextMap={}], distinctQuery=true], Join [pathToJoinOn=causa, alias=d, joinType=INNER, queryContext=WebRequestQueryContext [contextMap={}], distinctQuery=true]]], Conjunction [innerSpecs=[EmptyResultOnTypeMismatch [wrappedSpec=Equal [expectedValue=10023, converter=Converter [dateFormat=null, onTypeMismatch=EMPTY_RESULT], path=c.id]]]]]]]
2020-11-17 10:45:39.897 DEBUG 12260 --- [http-nio-8080-exec-1] c.s.m.repository.DonationRepository      : TraceId: 340fa73e-94c2-4fa1-86fb-81c5ee7599ec - DoaÁ„o feita a clique alimentos em: 2020-11-17T10:45:39.894899600
2020-11-17 10:45:39.956 DEBUG 12260 --- [http-nio-8080-exec-3] c.s.m.repository.DonationRepository      : TraceId: 66c2a3b3-15b7-4002-a9a9-7a7832a161a7 - DoaÁ„o feita a clique alimentos em: 2020-11-17T10:45:39.916898600
2020-11-17 10:47:22.751 DEBUG 12260 --- [http-nio-8080-exec-10] c.s.m.repository.DonationRepository      : TraceId: e02318f8-157f-4591-942b-c6f7b14269b1 - DoaÁ„o feita a Asilo Padre Cacique em: 2020-11-17T10:47:22.719941700
2020-11-17 10:48:21.944  INFO 12064 --- [main] c.s.m.MeajudaaajudarApplicationTests     : Starting MeajudaaajudarApplicationTests on DESKTOP-LIC1FJT with PID 12064 (started by computador in C:\Eclipse\All projects\meajudaaajudar)
2020-11-17 10:48:21.946 DEBUG 12064 --- [main] c.s.m.MeajudaaajudarApplicationTests     : Running with Spring Boot v2.3.3.RELEASE, Spring v5.2.8.RELEASE
2020-11-17 10:48:21.947  INFO 12064 --- [main] c.s.m.MeajudaaajudarApplicationTests     : The following profiles are active: dev
2020-11-17 10:48:23.769  INFO 12064 --- [main] .s.d.r.c.RepositoryConfigurationDelegate : Bootstrapping Spring Data JPA repositories in DEFAULT mode.
2020-11-17 10:48:24.029  INFO 12064 --- [main] .s.d.r.c.RepositoryConfigurationDelegate : Finished Spring Data repository scanning in 238ms. Found 7 JPA repository interfaces.
2020-11-17 10:48:26.867  INFO 12064 --- [main] com.zaxxer.hikari.HikariDataSource       : HikariPool-1 - Starting...
2020-11-17 10:48:27.611  INFO 12064 --- [main] com.zaxxer.hikari.HikariDataSource       : HikariPool-1 - Start completed.
2020-11-17 10:48:30.769  INFO 12064 --- [main] j.LocalContainerEntityManagerFactoryBean : Initialized JPA EntityManagerFactory for persistence unit 'default'
2020-11-17 10:48:32.319  WARN 12064 --- [main] JpaBaseConfiguration$JpaWebConfiguration : spring.jpa.open-in-view is enabled by default. Therefore, database queries may be performed during view rendering. Explicitly configure spring.jpa.open-in-view to disable this warning
2020-11-17 10:48:33.675  INFO 12064 --- [main] o.s.s.web.DefaultSecurityFilterChain     : Creating filter chain: any request, [org.springframework.security.web.context.request.async.WebAsyncManagerIntegrationFilter@4be5b9b1, org.springframework.security.web.context.SecurityContextPersistenceFilter@659ac28c, org.springframework.security.web.header.HeaderWriterFilter@1af78e37, org.springframework.web.filter.CorsFilter@2ad80cf6, org.springframework.security.web.authentication.logout.LogoutFilter@6ffa8126, com.sylleryum.meajudaaajudar.security.JwtUsernameAndPasswordAuthenticationFilter@4e212f46, com.sylleryum.meajudaaajudar.security.TokenFilter@629fe84, org.springframework.security.web.savedrequest.RequestCacheAwareFilter@5d2bc446, org.springframework.security.web.servletapi.SecurityContextHolderAwareRequestFilter@28dd8786, org.springframework.security.web.authentication.AnonymousAuthenticationFilter@6067e7c1, org.springframework.security.web.session.SessionManagementFilter@5c0f508b, org.springframework.security.web.access.ExceptionTranslationFilter@ff1a5a0, org.springframework.security.web.access.intercept.FilterSecurityInterceptor@551725e4]
2020-11-17 10:48:34.150  INFO 12064 --- [main] o.s.s.concurrent.ThreadPoolTaskExecutor  : Initializing ExecutorService 'applicationTaskExecutor'
2020-11-17 10:48:34.928  INFO 12064 --- [main] c.s.m.MeajudaaajudarApplicationTests     : Started MeajudaaajudarApplicationTests in 14.06 seconds (JVM running for 21.233)
2020-11-17 10:48:35.442  INFO 12064 --- [SpringContextShutdownHook] o.s.s.concurrent.ThreadPoolTaskExecutor  : Shutting down ExecutorService 'applicationTaskExecutor'
2020-11-17 10:48:35.451  INFO 12064 --- [SpringContextShutdownHook] j.LocalContainerEntityManagerFactoryBean : Closing JPA EntityManagerFactory for persistence unit 'default'
2020-11-17 10:48:35.455  INFO 12064 --- [SpringContextShutdownHook] com.zaxxer.hikari.HikariDataSource       : HikariPool-1 - Shutdown initiated...
2020-11-17 10:48:35.472  INFO 12064 --- [SpringContextShutdownHook] com.zaxxer.hikari.HikariDataSource       : HikariPool-1 - Shutdown completed.
2020-11-17 10:50:29.507  INFO 1196 --- [main] c.s.m.MeajudaaajudarApplication          : Starting MeajudaaajudarApplication on DESKTOP-LIC1FJT with PID 1196 (C:\Eclipse\All projects\meajudaaajudar\target\classes started by computador in C:\Eclipse\All projects\meajudaaajudar)
2020-11-17 10:50:29.511 DEBUG 1196 --- [main] c.s.m.MeajudaaajudarApplication          : Running with Spring Boot v2.3.3.RELEASE, Spring v5.2.8.RELEASE
2020-11-17 10:50:29.511  INFO 1196 --- [main] c.s.m.MeajudaaajudarApplication          : The following profiles are active: dev
2020-11-17 10:50:30.738  INFO 1196 --- [main] .s.d.r.c.RepositoryConfigurationDelegate : Bootstrapping Spring Data JPA repositories in DEFAULT mode.
2020-11-17 10:50:30.904  INFO 1196 --- [main] .s.d.r.c.RepositoryConfigurationDelegate : Finished Spring Data repository scanning in 147ms. Found 7 JPA repository interfaces.
2020-11-17 10:50:32.158  INFO 1196 --- [main] o.s.b.w.embedded.tomcat.TomcatWebServer  : Tomcat initialized with port(s): 8080 (http)
2020-11-17 10:50:32.188  INFO 1196 --- [main] o.apache.catalina.core.StandardService   : Starting service [Tomcat]
2020-11-17 10:50:32.189  INFO 1196 --- [main] org.apache.catalina.core.StandardEngine  : Starting Servlet engine: [Apache Tomcat/9.0.37]
2020-11-17 10:50:32.724  INFO 1196 --- [main] org.apache.jasper.servlet.TldScanner     : At least one JAR was scanned for TLDs yet contained no TLDs. Enable debug logging for this logger for a complete list of JARs that were scanned but no TLDs were found in them. Skipping unneeded JARs during scanning can improve startup time and JSP compilation time.
2020-11-17 10:50:32.743  INFO 1196 --- [main] o.a.c.c.C.[Tomcat].[localhost].[/]       : Initializing Spring embedded WebApplicationContext
2020-11-17 10:50:32.743  INFO 1196 --- [main] w.s.c.ServletWebServerApplicationContext : Root WebApplicationContext: initialization completed in 3097 ms
2020-11-17 10:50:33.380  INFO 1196 --- [main] com.zaxxer.hikari.HikariDataSource       : HikariPool-1 - Starting...
2020-11-17 10:50:33.871  INFO 1196 --- [main] com.zaxxer.hikari.HikariDataSource       : HikariPool-1 - Start completed.
2020-11-17 10:50:36.372  INFO 1196 --- [main] j.LocalContainerEntityManagerFactoryBean : Initialized JPA EntityManagerFactory for persistence unit 'default'
2020-11-17 10:50:37.146  WARN 1196 --- [main] JpaBaseConfiguration$JpaWebConfiguration : spring.jpa.open-in-view is enabled by default. Therefore, database queries may be performed during view rendering. Explicitly configure spring.jpa.open-in-view to disable this warning
2020-11-17 10:50:37.520  INFO 1196 --- [main] o.s.s.web.DefaultSecurityFilterChain     : Creating filter chain: any request, [org.springframework.security.web.context.request.async.WebAsyncManagerIntegrationFilter@6870a76f, org.springframework.security.web.context.SecurityContextPersistenceFilter@7d216ee8, org.springframework.security.web.header.HeaderWriterFilter@f472245, org.springframework.web.filter.CorsFilter@42257df7, org.springframework.security.web.authentication.logout.LogoutFilter@5eae392d, com.sylleryum.meajudaaajudar.security.JwtUsernameAndPasswordAuthenticationFilter@7b11ff9a, com.sylleryum.meajudaaajudar.security.TokenFilter@3bd79444, org.springframework.security.web.savedrequest.RequestCacheAwareFilter@268e30d4, org.springframework.security.web.servletapi.SecurityContextHolderAwareRequestFilter@2a2815cc, org.springframework.security.web.authentication.AnonymousAuthenticationFilter@5671078e, org.springframework.security.web.session.SessionManagementFilter@42ac309, org.springframework.security.web.access.ExceptionTranslationFilter@28d7bd6b, org.springframework.security.web.access.intercept.FilterSecurityInterceptor@285ac40b]
2020-11-17 10:50:37.590  INFO 1196 --- [main] o.s.s.concurrent.ThreadPoolTaskExecutor  : Initializing ExecutorService 'applicationTaskExecutor'
2020-11-17 10:50:37.807  INFO 1196 --- [main] o.s.b.w.embedded.tomcat.TomcatWebServer  : Tomcat started on port(s): 8080 (http) with context path ''
2020-11-17 10:50:37.826  INFO 1196 --- [main] c.s.m.MeajudaaajudarApplication          : Started MeajudaaajudarApplication in 9.148 seconds (JVM running for 11.346)
2020-11-17 10:50:42.410  INFO 1196 --- [http-nio-8080-exec-2] o.a.c.c.C.[Tomcat].[localhost].[/]       : Initializing Spring DispatcherServlet 'dispatcherServlet'
2020-11-17 10:50:42.411  INFO 1196 --- [http-nio-8080-exec-2] o.s.web.servlet.DispatcherServlet        : Initializing Servlet 'dispatcherServlet'
2020-11-17 10:50:42.418  INFO 1196 --- [http-nio-8080-exec-2] o.s.web.servlet.DispatcherServlet        : Completed initialization in 7 ms
2020-11-17 10:50:42.762 DEBUG 1196 --- [http-nio-8080-exec-2] c.s.m.repository.DonationRepository      : TraceId: 266cf96b-96f6-4e4c-a782-2828c2322527 - Doa√ß√£o feita a Asilo Padre Cacique em: 2020-11-17T10:50:42.735455500
2020-11-17 10:51:04.272 DEBUG 1196 --- [http-nio-8080-exec-3] c.s.m.repository.DonationRepository      : TraceId: ccabc4ea-e7bb-4a8a-b689-36b2a6550445 - Doa√ß√£o feita a Asilo Padre Cacique em: 2020-11-17T10:51:04.256455700
2020-11-17 10:54:30.441 DEBUG 1196 --- [http-nio-8080-exec-7] c.s.m.repository.DonationRepository      : TraceId: 81029983-5536-4578-b9ec-953f1c7de96b - Doa√ß√£o feita a clique alimentos em: 2020-11-17T10:54:30.425969100
2020-11-17 10:54:30.496 DEBUG 1196 --- [http-nio-8080-exec-8] c.s.m.repository.DonationRepository      : TraceId: 4ff6eb0a-a2b3-45e3-aab0-788876ba74a3 - Doa√ß√£o feita a clique alimentos em: 2020-11-17T10:54:30.432969600
2020-11-17 10:55:34.629 DEBUG 1196 --- [http-nio-8080-exec-4] c.s.m.repository.DonationRepository      : TraceId: 9cddd950-efee-4ab9-9a1d-1b32caffaa43 - Doa√ß√£o feita a Asilo Padre Cacique em: 2020-11-17T10:55:34.606483700
2020-11-17 10:55:46.658 DEBUG 1196 --- [http-nio-8080-exec-5] c.s.m.repository.DonationRepository      : TraceId: d684791e-ba00-4d92-8c14-cedfa86d3e44 - Doa√ß√£o feita a Asilo Padre Cacique em: 2020-11-17T10:55:46.655993600
2020-11-17 10:55:48.745 DEBUG 1196 --- [http-nio-8080-exec-6] c.s.m.repository.DonationRepository      : TraceId: ef42e41f-29da-4d3a-a053-e132dcf2647e - Doa√ß√£o feita a Asilo Padre Cacique em: 2020-11-17T10:55:48.742994400
2020-11-17 10:55:50.135 DEBUG 1196 --- [http-nio-8080-exec-7] c.s.m.repository.DonationRepository      : TraceId: 51e943c5-5fd1-4805-ac9a-e5dbc64f205c - Doa√ß√£o feita a Asilo Padre Cacique em: 2020-11-17T10:55:50.130993
2020-11-17 10:55:51.523 DEBUG 1196 --- [http-nio-8080-exec-8] c.s.m.repository.DonationRepository      : TraceId: 21475f42-7add-476b-b215-90a33e677f5a - Doa√ß√£o feita a Asilo Padre Cacique em: 2020-11-17T10:55:51.522993100
2020-11-17 10:55:53.099 DEBUG 1196 --- [http-nio-8080-exec-9] c.s.m.repository.DonationRepository      : TraceId: 20aa2ed0-31fe-49d6-818f-e62aab56d9dc - Doa√ß√£o feita a Asilo Padre Cacique em: 2020-11-17T10:55:53.094992700
2020-11-17 11:38:19.537  INFO 1196 --- [http-nio-8080-exec-4] c.s.meajudaaajudar.service.CausaService  : TraceId: 8c42cb14-d3de-4d15-a5ba-c0aed8a9ef78, cidadeId search
2020-11-17 11:38:19.707  INFO 1196 --- [http-nio-8080-exec-6] c.s.m.service.InstituicaoService         : TraceId: c5c9cfaa-f8fc-4a16-815d-29479c96debc, Instituicao search: Specification[Conjunction [innerSpecs=[Conjunction [innerSpecs=[Join [pathToJoinOn=cidadeEntity, alias=c, joinType=INNER, queryContext=WebRequestQueryContext [contextMap={}], distinctQuery=true], Join [pathToJoinOn=causa, alias=d, joinType=INNER, queryContext=WebRequestQueryContext [contextMap={}], distinctQuery=true]]], Conjunction [innerSpecs=[EmptyResultOnTypeMismatch [wrappedSpec=Equal [expectedValue=10023, converter=Converter [dateFormat=null, onTypeMismatch=EMPTY_RESULT], path=c.id]]]]]]]
2020-11-17 11:44:03.136  INFO 1196 --- [http-nio-8080-exec-9] c.s.meajudaaajudar.service.CausaService  : TraceId: 76c71684-88ec-449a-b4bf-88811040fa78, cidadeId search
2020-11-17 11:44:03.137  INFO 1196 --- [http-nio-8080-exec-8] c.s.m.service.InstituicaoService         : TraceId: 041a1b73-93e7-4c01-8421-4d38f17dc52d, Instituicao search: Specification[Conjunction [innerSpecs=[Conjunction [innerSpecs=[Join [pathToJoinOn=cidadeEntity, alias=c, joinType=INNER, queryContext=WebRequestQueryContext [contextMap={}], distinctQuery=true], Join [pathToJoinOn=causa, alias=d, joinType=INNER, queryContext=WebRequestQueryContext [contextMap={}], distinctQuery=true]]], Conjunction [innerSpecs=[EmptyResultOnTypeMismatch [wrappedSpec=Equal [expectedValue=10023, converter=Converter [dateFormat=null, onTypeMismatch=EMPTY_RESULT], path=c.id]]]]]]]
2020-11-17 11:46:06.517 DEBUG 1196 --- [http-nio-8080-exec-10] c.s.m.repository.DonationRepository      : TraceId: d3f1dced-bba9-4e88-b19f-3097fd2e69e4 - Doa√ß√£o feita a Rede de Bancos de Alimentos em: 2020-11-17T11:46:06.437720500
2020-11-17 11:47:55.307  INFO 8764 --- [main] c.s.m.MeajudaaajudarApplication          : Starting MeajudaaajudarApplication on DESKTOP-LIC1FJT with PID 8764 (C:\Eclipse\All projects\meajudaaajudar\target\classes started by computador in C:\Eclipse\All projects\meajudaaajudar)
2020-11-17 11:47:55.312 DEBUG 8764 --- [main] c.s.m.MeajudaaajudarApplication          : Running with Spring Boot v2.3.3.RELEASE, Spring v5.2.8.RELEASE
2020-11-17 11:47:55.312  INFO 8764 --- [main] c.s.m.MeajudaaajudarApplication          : The following profiles are active: dev
2020-11-17 11:47:56.017  INFO 8764 --- [main] .s.d.r.c.RepositoryConfigurationDelegate : Bootstrapping Spring Data JPA repositories in DEFAULT mode.
2020-11-17 11:47:56.134  INFO 8764 --- [main] .s.d.r.c.RepositoryConfigurationDelegate : Finished Spring Data repository scanning in 106ms. Found 7 JPA repository interfaces.
2020-11-17 11:47:57.179  INFO 8764 --- [main] o.s.b.w.embedded.tomcat.TomcatWebServer  : Tomcat initialized with port(s): 8080 (http)
2020-11-17 11:47:57.197  INFO 8764 --- [main] o.apache.catalina.core.StandardService   : Starting service [Tomcat]
2020-11-17 11:47:57.198  INFO 8764 --- [main] org.apache.catalina.core.StandardEngine  : Starting Servlet engine: [Apache Tomcat/9.0.37]
2020-11-17 11:47:57.582  INFO 8764 --- [main] org.apache.jasper.servlet.TldScanner     : At least one JAR was scanned for TLDs yet contained no TLDs. Enable debug logging for this logger for a complete list of JARs that were scanned but no TLDs were found in them. Skipping unneeded JARs during scanning can improve startup time and JSP compilation time.
2020-11-17 11:47:57.596  INFO 8764 --- [main] o.a.c.c.C.[Tomcat].[localhost].[/]       : Initializing Spring embedded WebApplicationContext
2020-11-17 11:47:57.597  INFO 8764 --- [main] w.s.c.ServletWebServerApplicationContext : Root WebApplicationContext: initialization completed in 2230 ms
2020-11-17 11:47:58.252  INFO 8764 --- [main] com.zaxxer.hikari.HikariDataSource       : HikariPool-1 - Starting...
2020-11-17 11:47:58.530  INFO 8764 --- [main] com.zaxxer.hikari.HikariDataSource       : HikariPool-1 - Start completed.
2020-11-17 11:48:00.919  INFO 8764 --- [main] j.LocalContainerEntityManagerFactoryBean : Initialized JPA EntityManagerFactory for persistence unit 'default'
2020-11-17 11:48:01.749  WARN 8764 --- [main] JpaBaseConfiguration$JpaWebConfiguration : spring.jpa.open-in-view is enabled by default. Therefore, database queries may be performed during view rendering. Explicitly configure spring.jpa.open-in-view to disable this warning
2020-11-17 11:48:02.262  INFO 8764 --- [main] o.s.s.web.DefaultSecurityFilterChain     : Creating filter chain: any request, [org.springframework.security.web.context.request.async.WebAsyncManagerIntegrationFilter@19b8f1bd, org.springframework.security.web.context.SecurityContextPersistenceFilter@5b8599c7, org.springframework.security.web.header.HeaderWriterFilter@36f80ceb, org.springframework.web.filter.CorsFilter@46a9c368, org.springframework.security.web.authentication.logout.LogoutFilter@31a80c88, com.sylleryum.meajudaaajudar.security.JwtUsernameAndPasswordAuthenticationFilter@62fbefad, com.sylleryum.meajudaaajudar.security.TokenFilter@79f59e0e, org.springframework.security.web.savedrequest.RequestCacheAwareFilter@69a3944, org.springframework.security.web.servletapi.SecurityContextHolderAwareRequestFilter@6bb71265, org.springframework.security.web.authentication.AnonymousAuthenticationFilter@279ebd94, org.springframework.security.web.session.SessionManagementFilter@17541204, org.springframework.security.web.access.ExceptionTranslationFilter@6018d82c, org.springframework.security.web.access.intercept.FilterSecurityInterceptor@3f5f79d8]
2020-11-17 11:48:02.356  INFO 8764 --- [main] o.s.s.concurrent.ThreadPoolTaskExecutor  : Initializing ExecutorService 'applicationTaskExecutor'
2020-11-17 11:48:02.643  INFO 8764 --- [main] o.s.b.w.embedded.tomcat.TomcatWebServer  : Tomcat started on port(s): 8080 (http) with context path ''
2020-11-17 11:48:02.660  INFO 8764 --- [main] c.s.m.MeajudaaajudarApplication          : Started MeajudaaajudarApplication in 8.0 seconds (JVM running for 8.585)
2020-11-17 11:52:15.862  INFO 8764 --- [http-nio-8080-exec-2] o.a.c.c.C.[Tomcat].[localhost].[/]       : Initializing Spring DispatcherServlet 'dispatcherServlet'
2020-11-17 11:52:15.867  INFO 8764 --- [http-nio-8080-exec-2] o.s.web.servlet.DispatcherServlet        : Initializing Servlet 'dispatcherServlet'
2020-11-17 11:52:15.878  INFO 8764 --- [http-nio-8080-exec-2] o.s.web.servlet.DispatcherServlet        : Completed initialization in 10 ms
2020-11-17 11:52:16.273  INFO 8764 --- [http-nio-8080-exec-5] c.s.meajudaaajudar.service.CausaService  : TraceId: 803945ac-8cc6-4f89-bd68-ced38fa224d2, cidadeId search
2020-11-17 11:52:16.287  INFO 8764 --- [http-nio-8080-exec-6] c.s.m.service.InstituicaoService         : TraceId: f5264112-911b-46e7-a722-68eaafcc6059, Instituicao search: Specification[Conjunction [innerSpecs=[Conjunction [innerSpecs=[Join [pathToJoinOn=cidadeEntity, alias=c, joinType=INNER, queryContext=WebRequestQueryContext [contextMap={}], distinctQuery=true], Join [pathToJoinOn=causa, alias=d, joinType=INNER, queryContext=WebRequestQueryContext [contextMap={}], distinctQuery=true]]], Conjunction [innerSpecs=[EmptyResultOnTypeMismatch [wrappedSpec=Equal [expectedValue=10023, converter=Converter [dateFormat=null, onTypeMismatch=EMPTY_RESULT], path=c.id]]]]]]]
2020-11-17 11:56:59.080  INFO 8764 --- [http-nio-8080-exec-6] c.s.m.service.InstituicaoService         : TraceId: f9aaa77c-2c61-4e08-973e-957e3e2c4f50, Instituicao search: Specification[Conjunction [innerSpecs=[Conjunction [innerSpecs=[Join [pathToJoinOn=cidadeEntity, alias=c, joinType=INNER, queryContext=WebRequestQueryContext [contextMap={}], distinctQuery=true], Join [pathToJoinOn=causa, alias=d, joinType=INNER, queryContext=WebRequestQueryContext [contextMap={}], distinctQuery=true]]], Conjunction [innerSpecs=[EmptyResultOnTypeMismatch [wrappedSpec=Equal [expectedValue=10023, converter=Converter [dateFormat=null, onTypeMismatch=EMPTY_RESULT], path=c.id]]]]]]]
2020-11-17 11:56:59.078  INFO 8764 --- [http-nio-8080-exec-4] c.s.meajudaaajudar.service.CausaService  : TraceId: 57759caa-adb3-4864-b341-9054ee7cc196, cidadeId search
2020-11-17 11:57:04.013  INFO 8764 --- [http-nio-8080-exec-9] c.s.meajudaaajudar.service.CausaService  : TraceId: fcf2e620-b0d2-48a6-8e00-3be6e34b6d98, cidadeId search
2020-11-17 11:57:04.022  INFO 8764 --- [http-nio-8080-exec-10] c.s.m.service.InstituicaoService         : TraceId: f5ec2f0f-f59a-43b3-9d93-658294d7aaf1, Instituicao search: Specification[Conjunction [innerSpecs=[Conjunction [innerSpecs=[Join [pathToJoinOn=cidadeEntity, alias=c, joinType=INNER, queryContext=WebRequestQueryContext [contextMap={}], distinctQuery=true], Join [pathToJoinOn=causa, alias=d, joinType=INNER, queryContext=WebRequestQueryContext [contextMap={}], distinctQuery=true]]], Conjunction [innerSpecs=[EmptyResultOnTypeMismatch [wrappedSpec=Equal [expectedValue=10023, converter=Converter [dateFormat=null, onTypeMismatch=EMPTY_RESULT], path=c.id]]]]]]]
2020-11-17 11:57:14.900  INFO 8764 --- [http-nio-8080-exec-4] c.s.meajudaaajudar.service.CausaService  : TraceId: 0665446b-cadc-4ead-96f1-1e1fd19e5492, cidadeId search
2020-11-17 11:57:14.900  INFO 8764 --- [http-nio-8080-exec-6] c.s.m.service.InstituicaoService         : TraceId: c1f6bf4e-7f73-4739-9cda-5490b6fbe007, Instituicao search: Specification[Conjunction [innerSpecs=[Conjunction [innerSpecs=[Join [pathToJoinOn=cidadeEntity, alias=c, joinType=INNER, queryContext=WebRequestQueryContext [contextMap={}], distinctQuery=true], Join [pathToJoinOn=causa, alias=d, joinType=INNER, queryContext=WebRequestQueryContext [contextMap={}], distinctQuery=true]]], Conjunction [innerSpecs=[EmptyResultOnTypeMismatch [wrappedSpec=Equal [expectedValue=10023, converter=Converter [dateFormat=null, onTypeMismatch=EMPTY_RESULT], path=c.id]]]]]]]
2020-11-17 11:57:18.146  INFO 8764 --- [http-nio-8080-exec-9] c.s.meajudaaajudar.service.CausaService  : TraceId: 822e94f2-e8e2-4440-8b69-bfe022eb1c9c, cidadeId search
2020-11-17 11:57:18.152  INFO 8764 --- [http-nio-8080-exec-10] c.s.m.service.InstituicaoService         : TraceId: 75f83145-5d74-4e62-b986-8ec600e4de0c, Instituicao search: Specification[Conjunction [innerSpecs=[Conjunction [innerSpecs=[Join [pathToJoinOn=cidadeEntity, alias=c, joinType=INNER, queryContext=WebRequestQueryContext [contextMap={}], distinctQuery=true], Join [pathToJoinOn=causa, alias=d, joinType=INNER, queryContext=WebRequestQueryContext [contextMap={}], distinctQuery=true]]], Conjunction [innerSpecs=[EmptyResultOnTypeMismatch [wrappedSpec=Equal [expectedValue=10023, converter=Converter [dateFormat=null, onTypeMismatch=EMPTY_RESULT], path=c.id]]]]]]]
2020-11-17 11:58:36.860  INFO 8764 --- [http-nio-8080-exec-3] c.s.meajudaaajudar.service.CausaService  : TraceId: 7236d7ac-70cf-40a7-88ac-69cf2133b4ce, cidadeId search
2020-11-17 11:58:36.860  INFO 8764 --- [http-nio-8080-exec-8] c.s.m.service.InstituicaoService         : TraceId: 5f86500f-ee3d-4a8b-8b01-6685bf9022cd, Instituicao search: Specification[Conjunction [innerSpecs=[Conjunction [innerSpecs=[Join [pathToJoinOn=cidadeEntity, alias=c, joinType=INNER, queryContext=WebRequestQueryContext [contextMap={}], distinctQuery=true], Join [pathToJoinOn=causa, alias=d, joinType=INNER, queryContext=WebRequestQueryContext [contextMap={}], distinctQuery=true]]], Conjunction [innerSpecs=[EmptyResultOnTypeMismatch [wrappedSpec=Equal [expectedValue=10023, converter=Converter [dateFormat=null, onTypeMismatch=EMPTY_RESULT], path=c.id]]]]]]]
2020-11-17 12:00:29.924  INFO 8764 --- [http-nio-8080-exec-7] c.s.meajudaaajudar.service.CausaService  : TraceId: d26d845a-c6fd-4880-b619-d593a839ec52, cidadeId search
2020-11-17 12:00:29.926  INFO 8764 --- [http-nio-8080-exec-3] c.s.m.service.InstituicaoService         : TraceId: ec4ac95c-2220-4607-87d1-cbfa7ae1d4bf, Instituicao search: Specification[Conjunction [innerSpecs=[Conjunction [innerSpecs=[Join [pathToJoinOn=cidadeEntity, alias=c, joinType=INNER, queryContext=WebRequestQueryContext [contextMap={}], distinctQuery=true], Join [pathToJoinOn=causa, alias=d, joinType=INNER, queryContext=WebRequestQueryContext [contextMap={}], distinctQuery=true]]], Conjunction [innerSpecs=[EmptyResultOnTypeMismatch [wrappedSpec=Equal [expectedValue=10023, converter=Converter [dateFormat=null, onTypeMismatch=EMPTY_RESULT], path=c.id]]]]]]]
2020-11-17 12:10:50.998  INFO 8764 --- [http-nio-8080-exec-5] c.s.meajudaaajudar.service.CausaService  : TraceId: a9b5e580-7e8c-4d24-b6de-f70f874fb176, cidadeId search
2020-11-17 12:10:51.017  INFO 8764 --- [http-nio-8080-exec-2] c.s.m.service.InstituicaoService         : TraceId: ada1a472-a4bd-4410-bdb4-7bc840eb03c6, Instituicao search: Specification[Conjunction [innerSpecs=[Conjunction [innerSpecs=[Join [pathToJoinOn=cidadeEntity, alias=c, joinType=INNER, queryContext=WebRequestQueryContext [contextMap={}], distinctQuery=true], Join [pathToJoinOn=causa, alias=d, joinType=INNER, queryContext=WebRequestQueryContext [contextMap={}], distinctQuery=true]]], Conjunction [innerSpecs=[EmptyResultOnTypeMismatch [wrappedSpec=Equal [expectedValue=10023, converter=Converter [dateFormat=null, onTypeMismatch=EMPTY_RESULT], path=c.id]]]]]]]
2020-11-17 12:16:04.597  INFO 8764 --- [http-nio-8080-exec-4] c.s.m.service.InstituicaoService         : TraceId: 4b6f8695-64a5-441a-987a-98d8a694ee1f, Instituicao search: Specification[Conjunction [innerSpecs=[Conjunction [innerSpecs=[Join [pathToJoinOn=cidadeEntity, alias=c, joinType=INNER, queryContext=WebRequestQueryContext [contextMap={}], distinctQuery=true], Join [pathToJoinOn=causa, alias=d, joinType=INNER, queryContext=WebRequestQueryContext [contextMap={}], distinctQuery=true]]], Conjunction [innerSpecs=[EmptyResultOnTypeMismatch [wrappedSpec=Equal [expectedValue=10023, converter=Converter [dateFormat=null, onTypeMismatch=EMPTY_RESULT], path=c.id]]]]]]]
2020-11-17 12:16:04.597  INFO 8764 --- [http-nio-8080-exec-8] c.s.meajudaaajudar.service.CausaService  : TraceId: bbf54106-6b19-4d17-b87f-efe63f79f7cc, cidadeId search
2020-11-17 12:18:48.160  INFO 8764 --- [http-nio-8080-exec-7] c.s.meajudaaajudar.service.CausaService  : TraceId: 7b952720-e414-47ac-9397-65f8aa7f2fb6, cidadeId search
2020-11-17 12:18:48.160  INFO 8764 --- [http-nio-8080-exec-9] c.s.m.service.InstituicaoService         : TraceId: 86d01e1f-f6bd-4b18-9f43-5050336c86a5, Instituicao search: Specification[Conjunction [innerSpecs=[Conjunction [innerSpecs=[Join [pathToJoinOn=cidadeEntity, alias=c, joinType=INNER, queryContext=WebRequestQueryContext [contextMap={}], distinctQuery=true], Join [pathToJoinOn=causa, alias=d, joinType=INNER, queryContext=WebRequestQueryContext [contextMap={}], distinctQuery=true]]], Conjunction [innerSpecs=[EmptyResultOnTypeMismatch [wrappedSpec=Equal [expectedValue=10023, converter=Converter [dateFormat=null, onTypeMismatch=EMPTY_RESULT], path=c.id]]]]]]]
2020-11-17 12:19:19.852  INFO 8764 --- [http-nio-8080-exec-8] c.s.meajudaaajudar.service.CausaService  : TraceId: 698d20da-cfb9-4158-8dcb-ce287bb4d1fd, cidadeId search
2020-11-17 12:19:19.855  INFO 8764 --- [http-nio-8080-exec-5] c.s.m.service.InstituicaoService         : TraceId: 531720af-47fe-4023-9abf-d0e7f84fe6c2, Instituicao search: Specification[Conjunction [innerSpecs=[Conjunction [innerSpecs=[Join [pathToJoinOn=cidadeEntity, alias=c, joinType=INNER, queryContext=WebRequestQueryContext [contextMap={}], distinctQuery=true], Join [pathToJoinOn=causa, alias=d, joinType=INNER, queryContext=WebRequestQueryContext [contextMap={}], distinctQuery=true]]], Conjunction [innerSpecs=[EmptyResultOnTypeMismatch [wrappedSpec=Equal [expectedValue=10023, converter=Converter [dateFormat=null, onTypeMismatch=EMPTY_RESULT], path=c.id]]]]]]]
2020-11-17 12:19:43.201  INFO 8764 --- [http-nio-8080-exec-7] c.s.meajudaaajudar.service.CausaService  : TraceId: dcd33d0b-e896-4e24-b909-79cd783d321e, cidadeId search
2020-11-17 12:19:43.201  INFO 8764 --- [http-nio-8080-exec-2] c.s.m.service.InstituicaoService         : TraceId: 35912c43-2f73-45aa-93d9-75a45aaec914, Instituicao search: Specification[Conjunction [innerSpecs=[Conjunction [innerSpecs=[Join [pathToJoinOn=cidadeEntity, alias=c, joinType=INNER, queryContext=WebRequestQueryContext [contextMap={}], distinctQuery=true], Join [pathToJoinOn=causa, alias=d, joinType=INNER, queryContext=WebRequestQueryContext [contextMap={}], distinctQuery=true]]], Conjunction [innerSpecs=[EmptyResultOnTypeMismatch [wrappedSpec=Equal [expectedValue=10023, converter=Converter [dateFormat=null, onTypeMismatch=EMPTY_RESULT], path=c.id]]]]]]]
2020-11-17 12:20:46.297  INFO 8764 --- [http-nio-8080-exec-5] c.s.meajudaaajudar.service.CausaService  : TraceId: a7555e48-3671-4834-90dc-48edfcc1a940, cidadeId search
2020-11-17 12:20:46.350  INFO 8764 --- [http-nio-8080-exec-1] c.s.m.service.InstituicaoService         : TraceId: 601362d7-05af-480b-8d79-5d293b9d0458, Instituicao search: Specification[Conjunction [innerSpecs=[Conjunction [innerSpecs=[Join [pathToJoinOn=cidadeEntity, alias=c, joinType=INNER, queryContext=WebRequestQueryContext [contextMap={}], distinctQuery=true], Join [pathToJoinOn=causa, alias=d, joinType=INNER, queryContext=WebRequestQueryContext [contextMap={}], distinctQuery=true]]], Conjunction [innerSpecs=[EmptyResultOnTypeMismatch [wrappedSpec=Equal [expectedValue=10023, converter=Converter [dateFormat=null, onTypeMismatch=EMPTY_RESULT], path=c.id]]]]]]]
2020-11-17 12:22:16.878  INFO 8764 --- [http-nio-8080-exec-8] c.s.m.service.InstituicaoService         : TraceId: 3f9bd5a6-02df-42ae-9809-22cf7b28a8cf, Instituicao search: Specification[Conjunction [innerSpecs=[Conjunction [innerSpecs=[Join [pathToJoinOn=cidadeEntity, alias=c, joinType=INNER, queryContext=WebRequestQueryContext [contextMap={}], distinctQuery=true], Join [pathToJoinOn=causa, alias=d, joinType=INNER, queryContext=WebRequestQueryContext [contextMap={}], distinctQuery=true]]], Conjunction [innerSpecs=[EmptyResultOnTypeMismatch [wrappedSpec=Equal [expectedValue=10023, converter=Converter [dateFormat=null, onTypeMismatch=EMPTY_RESULT], path=c.id]]]]]]]
2020-11-17 12:22:16.876  INFO 8764 --- [http-nio-8080-exec-6] c.s.meajudaaajudar.service.CausaService  : TraceId: 289b07a4-b2f7-4f26-9fe5-96f90521a9fa, cidadeId search
2020-11-17 12:22:25.694  INFO 8764 --- [http-nio-8080-exec-7] c.s.m.service.InstituicaoService         : TraceId: 4e24d941-d1d2-4a37-8a6d-cc3c61ad2c30, Instituicao search: Specification[Conjunction [innerSpecs=[Conjunction [innerSpecs=[Join [pathToJoinOn=cidadeEntity, alias=c, joinType=INNER, queryContext=WebRequestQueryContext [contextMap={}], distinctQuery=true], Join [pathToJoinOn=causa, alias=d, joinType=INNER, queryContext=WebRequestQueryContext [contextMap={}], distinctQuery=true]]], Conjunction [innerSpecs=[EmptyResultOnTypeMismatch [wrappedSpec=Equal [expectedValue=10023, converter=Converter [dateFormat=null, onTypeMismatch=EMPTY_RESULT], path=c.id]]]]]]]
2020-11-17 12:22:25.695  INFO 8764 --- [http-nio-8080-exec-1] c.s.meajudaaajudar.service.CausaService  : TraceId: 5f8cfdc7-3416-4239-bf8a-23573ca7265f, cidadeId search
2020-11-17 12:26:08.929  INFO 8764 --- [http-nio-8080-exec-6] c.s.meajudaaajudar.service.CausaService  : TraceId: 51efc516-c5f3-4f85-aedb-906aca14abe8, cidadeId search
2020-11-17 12:26:08.931  INFO 8764 --- [http-nio-8080-exec-5] c.s.m.service.InstituicaoService         : TraceId: 2fec62f7-283c-41d1-a460-f8e762632650, Instituicao search: Specification[Conjunction [innerSpecs=[Conjunction [innerSpecs=[Join [pathToJoinOn=cidadeEntity, alias=c, joinType=INNER, queryContext=WebRequestQueryContext [contextMap={}], distinctQuery=true], Join [pathToJoinOn=causa, alias=d, joinType=INNER, queryContext=WebRequestQueryContext [contextMap={}], distinctQuery=true]]], Conjunction [innerSpecs=[EmptyResultOnTypeMismatch [wrappedSpec=Equal [expectedValue=10023, converter=Converter [dateFormat=null, onTypeMismatch=EMPTY_RESULT], path=c.id]]]]]]]
2020-11-17 12:31:20.480  INFO 8764 --- [http-nio-8080-exec-10] c.s.meajudaaajudar.service.CausaService  : TraceId: 607c1fd2-61b5-42d1-a33b-c2f8e28c92bb, cidadeId search
2020-11-17 12:31:20.525  INFO 8764 --- [http-nio-8080-exec-6] c.s.m.service.InstituicaoService         : TraceId: d5358412-346f-46d8-a4e9-bf80a8292bef, Instituicao search: Specification[Conjunction [innerSpecs=[Conjunction [innerSpecs=[Join [pathToJoinOn=cidadeEntity, alias=c, joinType=INNER, queryContext=WebRequestQueryContext [contextMap={}], distinctQuery=true], Join [pathToJoinOn=causa, alias=d, joinType=INNER, queryContext=WebRequestQueryContext [contextMap={}], distinctQuery=true]]], Conjunction [innerSpecs=[EmptyResultOnTypeMismatch [wrappedSpec=Equal [expectedValue=10023, converter=Converter [dateFormat=null, onTypeMismatch=EMPTY_RESULT], path=c.id]]]]]]]
2020-11-17 12:42:40.524  INFO 8764 --- [http-nio-8080-exec-6] c.s.meajudaaajudar.service.CausaService  : TraceId: 295d7821-f58e-42a7-9dfb-331ed23b3f45, cidadeId search
2020-11-17 12:42:40.527  INFO 8764 --- [http-nio-8080-exec-4] c.s.m.service.InstituicaoService         : TraceId: 65328b6a-132d-413f-98e2-625c143a34fe, Instituicao search: Specification[Conjunction [innerSpecs=[Conjunction [innerSpecs=[Join [pathToJoinOn=cidadeEntity, alias=c, joinType=INNER, queryContext=WebRequestQueryContext [contextMap={}], distinctQuery=true], Join [pathToJoinOn=causa, alias=d, joinType=INNER, queryContext=WebRequestQueryContext [contextMap={}], distinctQuery=true]]], Conjunction [innerSpecs=[EmptyResultOnTypeMismatch [wrappedSpec=Equal [expectedValue=10023, converter=Converter [dateFormat=null, onTypeMismatch=EMPTY_RESULT], path=c.id]]]]]]]
2020-11-17 13:06:52.816  INFO 8764 --- [http-nio-8080-exec-3] c.s.meajudaaajudar.service.CausaService  : TraceId: 750f1336-ffd5-4b0f-8279-1a9da9dcc065, cidadeId search
2020-11-17 13:06:52.816  INFO 8764 --- [http-nio-8080-exec-2] c.s.m.service.InstituicaoService         : TraceId: f6667f1b-639a-4acf-9eb3-b128d2019fad, Instituicao search: Specification[Conjunction [innerSpecs=[Conjunction [innerSpecs=[Join [pathToJoinOn=cidadeEntity, alias=c, joinType=INNER, queryContext=WebRequestQueryContext [contextMap={}], distinctQuery=true], Join [pathToJoinOn=causa, alias=d, joinType=INNER, queryContext=WebRequestQueryContext [contextMap={}], distinctQuery=true]]], Conjunction [innerSpecs=[EmptyResultOnTypeMismatch [wrappedSpec=Equal [expectedValue=10023, converter=Converter [dateFormat=null, onTypeMismatch=EMPTY_RESULT], path=c.id]]]]]]]
2020-11-17 13:21:16.880  INFO 12340 --- [main] c.s.m.MeajudaaajudarApplication          : Starting MeajudaaajudarApplication on DESKTOP-LIC1FJT with PID 12340 (C:\Eclipse\All projects\meajudaaajudar\target\classes started by computador in C:\Eclipse\All projects\meajudaaajudar)
2020-11-17 13:21:16.889 DEBUG 12340 --- [main] c.s.m.MeajudaaajudarApplication          : Running with Spring Boot v2.3.3.RELEASE, Spring v5.2.8.RELEASE
2020-11-17 13:21:16.891  INFO 12340 --- [main] c.s.m.MeajudaaajudarApplication          : The following profiles are active: dev
2020-11-17 13:21:17.870  INFO 12340 --- [main] .s.d.r.c.RepositoryConfigurationDelegate : Bootstrapping Spring Data JPA repositories in DEFAULT mode.
2020-11-17 13:21:17.996  INFO 12340 --- [main] .s.d.r.c.RepositoryConfigurationDelegate : Finished Spring Data repository scanning in 112ms. Found 7 JPA repository interfaces.
2020-11-17 13:21:19.857  INFO 12340 --- [main] o.s.b.w.embedded.tomcat.TomcatWebServer  : Tomcat initialized with port(s): 8080 (http)
2020-11-17 13:21:19.873  INFO 12340 --- [main] o.apache.catalina.core.StandardService   : Starting service [Tomcat]
2020-11-17 13:21:19.874  INFO 12340 --- [main] org.apache.catalina.core.StandardEngine  : Starting Servlet engine: [Apache Tomcat/9.0.37]
2020-11-17 13:21:20.278  INFO 12340 --- [main] org.apache.jasper.servlet.TldScanner     : At least one JAR was scanned for TLDs yet contained no TLDs. Enable debug logging for this logger for a complete list of JARs that were scanned but no TLDs were found in them. Skipping unneeded JARs during scanning can improve startup time and JSP compilation time.
2020-11-17 13:21:20.293  INFO 12340 --- [main] o.a.c.c.C.[Tomcat].[localhost].[/]       : Initializing Spring embedded WebApplicationContext
2020-11-17 13:21:20.294  INFO 12340 --- [main] w.s.c.ServletWebServerApplicationContext : Root WebApplicationContext: initialization completed in 3315 ms
2020-11-17 13:21:20.986  INFO 12340 --- [main] com.zaxxer.hikari.HikariDataSource       : HikariPool-1 - Starting...
2020-11-17 13:21:21.630  INFO 12340 --- [main] com.zaxxer.hikari.HikariDataSource       : HikariPool-1 - Start completed.
2020-11-17 13:21:24.171  INFO 12340 --- [main] j.LocalContainerEntityManagerFactoryBean : Initialized JPA EntityManagerFactory for persistence unit 'default'
2020-11-17 13:21:25.036  WARN 12340 --- [main] JpaBaseConfiguration$JpaWebConfiguration : spring.jpa.open-in-view is enabled by default. Therefore, database queries may be performed during view rendering. Explicitly configure spring.jpa.open-in-view to disable this warning
2020-11-17 13:21:25.484  INFO 12340 --- [main] o.s.s.web.DefaultSecurityFilterChain     : Creating filter chain: any request, [org.springframework.security.web.context.request.async.WebAsyncManagerIntegrationFilter@502b9399, org.springframework.security.web.context.SecurityContextPersistenceFilter@7a74672, org.springframework.security.web.header.HeaderWriterFilter@6d6d81c, org.springframework.web.filter.CorsFilter@433db56d, org.springframework.security.web.authentication.logout.LogoutFilter@380e3122, com.sylleryum.meajudaaajudar.security.JwtUsernameAndPasswordAuthenticationFilter@e23af91, com.sylleryum.meajudaaajudar.security.TokenFilter@396ec737, org.springframework.security.web.savedrequest.RequestCacheAwareFilter@664083f6, org.springframework.security.web.servletapi.SecurityContextHolderAwareRequestFilter@72d7afff, org.springframework.security.web.authentication.AnonymousAuthenticationFilter@35d53cd8, org.springframework.security.web.session.SessionManagementFilter@6bb71265, org.springframework.security.web.access.ExceptionTranslationFilter@16602333, org.springframework.security.web.access.intercept.FilterSecurityInterceptor@79f59e0e]
2020-11-17 13:21:25.550  INFO 12340 --- [main] o.s.s.concurrent.ThreadPoolTaskExecutor  : Initializing ExecutorService 'applicationTaskExecutor'
2020-11-17 13:21:25.778  INFO 12340 --- [main] o.s.b.w.embedded.tomcat.TomcatWebServer  : Tomcat started on port(s): 8080 (http) with context path ''
2020-11-17 13:21:25.791  INFO 12340 --- [main] c.s.m.MeajudaaajudarApplication          : Started MeajudaaajudarApplication in 9.794 seconds (JVM running for 10.605)
2020-11-17 13:21:30.704  INFO 12340 --- [http-nio-8080-exec-3] o.a.c.c.C.[Tomcat].[localhost].[/]       : Initializing Spring DispatcherServlet 'dispatcherServlet'
2020-11-17 13:21:30.706  INFO 12340 --- [http-nio-8080-exec-3] o.s.web.servlet.DispatcherServlet        : Initializing Servlet 'dispatcherServlet'
2020-11-17 13:21:30.714  INFO 12340 --- [http-nio-8080-exec-3] o.s.web.servlet.DispatcherServlet        : Completed initialization in 7 ms
2020-11-17 13:21:30.893  INFO 12340 --- [http-nio-8080-exec-2] c.s.meajudaaajudar.service.CausaService  : TraceId: c238cd3e-2eef-4481-9f65-9880badf7d2e, cidadeId search
2020-11-17 13:21:30.909  INFO 12340 --- [http-nio-8080-exec-3] c.s.m.service.InstituicaoService         : TraceId: 80e07112-0df4-4b04-8c85-53653ca64c8e, Instituicao search: Specification[Conjunction [innerSpecs=[Conjunction [innerSpecs=[Join [pathToJoinOn=cidadeEntity, alias=c, joinType=INNER, queryContext=WebRequestQueryContext [contextMap={}], distinctQuery=true], Join [pathToJoinOn=causa, alias=d, joinType=INNER, queryContext=WebRequestQueryContext [contextMap={}], distinctQuery=true]]], Conjunction [innerSpecs=[EmptyResultOnTypeMismatch [wrappedSpec=Equal [expectedValue=10023, converter=Converter [dateFormat=null, onTypeMismatch=EMPTY_RESULT], path=c.id]]]]]]]
2020-11-17 13:21:48.257  INFO 12340 --- [http-nio-8080-exec-8] c.s.meajudaaajudar.service.CausaService  : TraceId: 9bfd74a9-3f27-4469-88bb-30c529ea742f, cidadeId search
2020-11-17 13:21:48.256  INFO 12340 --- [http-nio-8080-exec-9] c.s.m.service.InstituicaoService         : TraceId: 779572a5-33df-4c78-8ce7-2b9b3871b1be, Instituicao search: Specification[Conjunction [innerSpecs=[Conjunction [innerSpecs=[Join [pathToJoinOn=cidadeEntity, alias=c, joinType=INNER, queryContext=WebRequestQueryContext [contextMap={}], distinctQuery=true], Join [pathToJoinOn=causa, alias=d, joinType=INNER, queryContext=WebRequestQueryContext [contextMap={}], distinctQuery=true]]], Conjunction [innerSpecs=[EmptyResultOnTypeMismatch [wrappedSpec=Equal [expectedValue=10023, converter=Converter [dateFormat=null, onTypeMismatch=EMPTY_RESULT], path=c.id]]]]]]]
2020-11-17 13:31:38.116  INFO 14020 --- [main] c.s.m.MeajudaaajudarApplication          : Starting MeajudaaajudarApplication on DESKTOP-LIC1FJT with PID 14020 (C:\Eclipse\All projects\meajudaaajudar\target\classes started by computador in C:\Eclipse\All projects\meajudaaajudar)
2020-11-17 13:31:38.123 DEBUG 14020 --- [main] c.s.m.MeajudaaajudarApplication          : Running with Spring Boot v2.3.3.RELEASE, Spring v5.2.8.RELEASE
2020-11-17 13:31:38.126  INFO 14020 --- [main] c.s.m.MeajudaaajudarApplication          : The following profiles are active: dev
2020-11-17 13:31:39.493  INFO 14020 --- [main] .s.d.r.c.RepositoryConfigurationDelegate : Bootstrapping Spring Data JPA repositories in DEFAULT mode.
2020-11-17 13:31:39.703  INFO 14020 --- [main] .s.d.r.c.RepositoryConfigurationDelegate : Finished Spring Data repository scanning in 188ms. Found 7 JPA repository interfaces.
2020-11-17 13:31:41.082  INFO 14020 --- [main] o.s.b.w.embedded.tomcat.TomcatWebServer  : Tomcat initialized with port(s): 8080 (http)
2020-11-17 13:31:41.100  INFO 14020 --- [main] o.apache.catalina.core.StandardService   : Starting service [Tomcat]
2020-11-17 13:31:41.101  INFO 14020 --- [main] org.apache.catalina.core.StandardEngine  : Starting Servlet engine: [Apache Tomcat/9.0.37]
2020-11-17 13:31:41.524  INFO 14020 --- [main] org.apache.jasper.servlet.TldScanner     : At least one JAR was scanned for TLDs yet contained no TLDs. Enable debug logging for this logger for a complete list of JARs that were scanned but no TLDs were found in them. Skipping unneeded JARs during scanning can improve startup time and JSP compilation time.
2020-11-17 13:31:41.546  INFO 14020 --- [main] o.a.c.c.C.[Tomcat].[localhost].[/]       : Initializing Spring embedded WebApplicationContext
2020-11-17 13:31:41.547  INFO 14020 --- [main] w.s.c.ServletWebServerApplicationContext : Root WebApplicationContext: initialization completed in 3324 ms
2020-11-17 13:31:42.295  INFO 14020 --- [main] com.zaxxer.hikari.HikariDataSource       : HikariPool-1 - Starting...
2020-11-17 13:31:42.836  INFO 14020 --- [main] com.zaxxer.hikari.HikariDataSource       : HikariPool-1 - Start completed.
2020-11-17 13:31:44.927  INFO 14020 --- [main] j.LocalContainerEntityManagerFactoryBean : Initialized JPA EntityManagerFactory for persistence unit 'default'
2020-11-17 13:31:45.728  WARN 14020 --- [main] JpaBaseConfiguration$JpaWebConfiguration : spring.jpa.open-in-view is enabled by default. Therefore, database queries may be performed during view rendering. Explicitly configure spring.jpa.open-in-view to disable this warning
2020-11-17 13:31:46.156  INFO 14020 --- [main] o.s.s.web.DefaultSecurityFilterChain     : Creating filter chain: any request, [org.springframework.security.web.context.request.async.WebAsyncManagerIntegrationFilter@4d682397, org.springframework.security.web.context.SecurityContextPersistenceFilter@2dd4a7a9, org.springframework.security.web.header.HeaderWriterFilter@5c41f6a0, org.springframework.web.filter.CorsFilter@444ebefd, org.springframework.security.web.authentication.logout.LogoutFilter@3b399f5a, com.sylleryum.meajudaaajudar.security.JwtUsernameAndPasswordAuthenticationFilter@2ecf4b3e, com.sylleryum.meajudaaajudar.security.TokenFilter@5f1c406e, org.springframework.security.web.savedrequest.RequestCacheAwareFilter@5a23b9d1, org.springframework.security.web.servletapi.SecurityContextHolderAwareRequestFilter@6785786d, org.springframework.security.web.authentication.AnonymousAuthenticationFilter@5364b481, org.springframework.security.web.session.SessionManagementFilter@311453ab, org.springframework.security.web.access.ExceptionTranslationFilter@2e1c8027, org.springframework.security.web.access.intercept.FilterSecurityInterceptor@e23af91]
2020-11-17 13:31:46.230  INFO 14020 --- [main] o.s.s.concurrent.ThreadPoolTaskExecutor  : Initializing ExecutorService 'applicationTaskExecutor'
2020-11-17 13:31:46.457  INFO 14020 --- [main] o.s.b.w.embedded.tomcat.TomcatWebServer  : Tomcat started on port(s): 8080 (http) with context path ''
2020-11-17 13:31:46.469  INFO 14020 --- [main] c.s.m.MeajudaaajudarApplication          : Started MeajudaaajudarApplication in 9.068 seconds (JVM running for 9.658)
2020-11-17 13:31:58.126  INFO 14020 --- [http-nio-8080-exec-1] o.a.c.c.C.[Tomcat].[localhost].[/]       : Initializing Spring DispatcherServlet 'dispatcherServlet'
2020-11-17 13:31:58.128  INFO 14020 --- [http-nio-8080-exec-1] o.s.web.servlet.DispatcherServlet        : Initializing Servlet 'dispatcherServlet'
2020-11-17 13:31:58.137  INFO 14020 --- [http-nio-8080-exec-1] o.s.web.servlet.DispatcherServlet        : Completed initialization in 8 ms
2020-11-17 13:31:58.319  INFO 14020 --- [http-nio-8080-exec-1] c.s.m.service.InstituicaoService         : TraceId: 6ed9e2f7-4b22-45c9-b57d-7be72333c05f, Instituicao search: Specification[Conjunction [innerSpecs=[Conjunction [innerSpecs=[Join [pathToJoinOn=cidadeEntity, alias=c, joinType=INNER, queryContext=WebRequestQueryContext [contextMap={}], distinctQuery=true], Join [pathToJoinOn=causa, alias=d, joinType=INNER, queryContext=WebRequestQueryContext [contextMap={}], distinctQuery=true]]], Conjunction [innerSpecs=[EmptyResultOnTypeMismatch [wrappedSpec=Equal [expectedValue=10023, converter=Converter [dateFormat=null, onTypeMismatch=EMPTY_RESULT], path=c.id]]]]]]]
2020-11-17 13:32:35.275  INFO 14020 --- [http-nio-8080-exec-3] c.s.m.service.InstituicaoService         : TraceId: 18ea8a08-928d-4d97-b295-723a24942332, Instituicao search: Specification[Conjunction [innerSpecs=[Conjunction [innerSpecs=[Join [pathToJoinOn=cidadeEntity, alias=c, joinType=INNER, queryContext=WebRequestQueryContext [contextMap={}], distinctQuery=true], Join [pathToJoinOn=causa, alias=d, joinType=INNER, queryContext=WebRequestQueryContext [contextMap={}], distinctQuery=true]]], Conjunction [innerSpecs=[EmptyResultOnTypeMismatch [wrappedSpec=Equal [expectedValue=10023, converter=Converter [dateFormat=null, onTypeMismatch=EMPTY_RESULT], path=c.id]]]]]]]
2020-11-17 13:32:42.068  INFO 14020 --- [http-nio-8080-exec-4] c.s.m.service.InstituicaoService         : TraceId: 06135229-dd67-497e-966b-5c24505bff58, Instituicao search: Specification[Conjunction [innerSpecs=[Conjunction [innerSpecs=[Join [pathToJoinOn=cidadeEntity, alias=c, joinType=INNER, queryContext=WebRequestQueryContext [contextMap={}], distinctQuery=true], Join [pathToJoinOn=causa, alias=d, joinType=INNER, queryContext=WebRequestQueryContext [contextMap={}], distinctQuery=true]]], Conjunction [innerSpecs=[EmptyResultOnTypeMismatch [wrappedSpec=Equal [expectedValue=10023, converter=Converter [dateFormat=null, onTypeMismatch=EMPTY_RESULT], path=c.id]]]]]]]
2020-11-17 13:33:33.755  INFO 14020 --- [http-nio-8080-exec-6] c.s.m.service.InstituicaoService         : TraceId: 726c4a17-dd2d-4953-876e-294df1f3e4f3, Instituicao search: Specification[Conjunction [innerSpecs=[Conjunction [innerSpecs=[Join [pathToJoinOn=cidadeEntity, alias=c, joinType=INNER, queryContext=WebRequestQueryContext [contextMap={}], distinctQuery=true], Join [pathToJoinOn=causa, alias=d, joinType=INNER, queryContext=WebRequestQueryContext [contextMap={}], distinctQuery=true]]], Conjunction [innerSpecs=[EmptyResultOnTypeMismatch [wrappedSpec=Equal [expectedValue=10023, converter=Converter [dateFormat=null, onTypeMismatch=EMPTY_RESULT], path=c.id]]]]]]]
2020-11-17 13:33:33.765  INFO 14020 --- [http-nio-8080-exec-7] c.s.meajudaaajudar.service.CausaService  : TraceId: 96ab1d99-c45c-4997-8818-fefa764b70c6, cidadeId search
2020-11-17 14:01:47.033  INFO 14232 --- [main] c.s.m.MeajudaaajudarApplication          : Starting MeajudaaajudarApplication on DESKTOP-LIC1FJT with PID 14232 (C:\Eclipse\All projects\meajudaaajudar\target\classes started by computador in C:\Eclipse\All projects\meajudaaajudar)
2020-11-17 14:01:47.037 DEBUG 14232 --- [main] c.s.m.MeajudaaajudarApplication          : Running with Spring Boot v2.3.3.RELEASE, Spring v5.2.8.RELEASE
2020-11-17 14:01:47.038  INFO 14232 --- [main] c.s.m.MeajudaaajudarApplication          : The following profiles are active: dev
2020-11-17 14:01:47.789  INFO 14232 --- [main] .s.d.r.c.RepositoryConfigurationDelegate : Bootstrapping Spring Data JPA repositories in DEFAULT mode.
2020-11-17 14:01:47.911  INFO 14232 --- [main] .s.d.r.c.RepositoryConfigurationDelegate : Finished Spring Data repository scanning in 107ms. Found 7 JPA repository interfaces.
2020-11-17 14:01:49.006  INFO 14232 --- [main] o.s.b.w.embedded.tomcat.TomcatWebServer  : Tomcat initialized with port(s): 8080 (http)
2020-11-17 14:01:49.023  INFO 14232 --- [main] o.apache.catalina.core.StandardService   : Starting service [Tomcat]
2020-11-17 14:01:49.024  INFO 14232 --- [main] org.apache.catalina.core.StandardEngine  : Starting Servlet engine: [Apache Tomcat/9.0.37]
2020-11-17 14:01:49.403  INFO 14232 --- [main] org.apache.jasper.servlet.TldScanner     : At least one JAR was scanned for TLDs yet contained no TLDs. Enable debug logging for this logger for a complete list of JARs that were scanned but no TLDs were found in them. Skipping unneeded JARs during scanning can improve startup time and JSP compilation time.
2020-11-17 14:01:49.418  INFO 14232 --- [main] o.a.c.c.C.[Tomcat].[localhost].[/]       : Initializing Spring embedded WebApplicationContext
2020-11-17 14:01:49.419  INFO 14232 --- [main] w.s.c.ServletWebServerApplicationContext : Root WebApplicationContext: initialization completed in 2319 ms
2020-11-17 14:01:50.098  INFO 14232 --- [main] com.zaxxer.hikari.HikariDataSource       : HikariPool-1 - Starting...
2020-11-17 14:01:50.648  INFO 14232 --- [main] com.zaxxer.hikari.HikariDataSource       : HikariPool-1 - Start completed.
2020-11-17 14:01:52.765  INFO 14232 --- [main] j.LocalContainerEntityManagerFactoryBean : Initialized JPA EntityManagerFactory for persistence unit 'default'
2020-11-17 14:01:53.535  WARN 14232 --- [main] JpaBaseConfiguration$JpaWebConfiguration : spring.jpa.open-in-view is enabled by default. Therefore, database queries may be performed during view rendering. Explicitly configure spring.jpa.open-in-view to disable this warning
2020-11-17 14:01:53.953  INFO 14232 --- [main] o.s.s.web.DefaultSecurityFilterChain     : Creating filter chain: any request, [org.springframework.security.web.context.request.async.WebAsyncManagerIntegrationFilter@7097ead6, org.springframework.security.web.context.SecurityContextPersistenceFilter@6bb71265, org.springframework.security.web.header.HeaderWriterFilter@16602333, org.springframework.web.filter.CorsFilter@4c4be9d8, org.springframework.security.web.authentication.logout.LogoutFilter@61d527ac, com.sylleryum.meajudaaajudar.security.JwtUsernameAndPasswordAuthenticationFilter@21dd91da, com.sylleryum.meajudaaajudar.security.TokenFilter@1f251bf1, org.springframework.security.web.savedrequest.RequestCacheAwareFilter@7a74672, org.springframework.security.web.servletapi.SecurityContextHolderAwareRequestFilter@7b6b99c5, org.springframework.security.web.authentication.AnonymousAuthenticationFilter@502b9399, org.springframework.security.web.session.SessionManagementFilter@6d6d81c, org.springframework.security.web.access.ExceptionTranslationFilter@3e3bf77b, org.springframework.security.web.access.intercept.FilterSecurityInterceptor@3555d804]
2020-11-17 14:01:54.020  INFO 14232 --- [main] o.s.s.concurrent.ThreadPoolTaskExecutor  : Initializing ExecutorService 'applicationTaskExecutor'
2020-11-17 14:01:54.244  INFO 14232 --- [main] o.s.b.w.embedded.tomcat.TomcatWebServer  : Tomcat started on port(s): 8080 (http) with context path ''
2020-11-17 14:01:54.256  INFO 14232 --- [main] c.s.m.MeajudaaajudarApplication          : Started MeajudaaajudarApplication in 7.941 seconds (JVM running for 8.659)
2020-11-17 14:02:01.741  INFO 14232 --- [http-nio-8080-exec-1] o.a.c.c.C.[Tomcat].[localhost].[/]       : Initializing Spring DispatcherServlet 'dispatcherServlet'
2020-11-17 14:02:01.742  INFO 14232 --- [http-nio-8080-exec-1] o.s.web.servlet.DispatcherServlet        : Initializing Servlet 'dispatcherServlet'
2020-11-17 14:02:01.752  INFO 14232 --- [http-nio-8080-exec-1] o.s.web.servlet.DispatcherServlet        : Completed initialization in 7 ms
2020-11-17 14:02:01.901  INFO 14232 --- [http-nio-8080-exec-6] c.s.meajudaaajudar.service.CausaService  : TraceId: 6ef85d6d-5d49-48a4-b0c8-231bc4f098a7, cidadeId search
2020-11-17 14:02:01.924  INFO 14232 --- [http-nio-8080-exec-4] c.s.m.service.InstituicaoService         : TraceId: f336d15f-f2aa-4022-8abb-77d2055d9868, Instituicao search: Specification[Conjunction [innerSpecs=[Conjunction [innerSpecs=[Join [pathToJoinOn=cidadeEntity, alias=c, joinType=INNER, queryContext=WebRequestQueryContext [contextMap={}], distinctQuery=true], Join [pathToJoinOn=causa, alias=d, joinType=INNER, queryContext=WebRequestQueryContext [contextMap={}], distinctQuery=true]]], Conjunction [innerSpecs=[EmptyResultOnTypeMismatch [wrappedSpec=Equal [expectedValue=10023, converter=Converter [dateFormat=null, onTypeMismatch=EMPTY_RESULT], path=c.id]]]]]]]
2020-11-17 14:03:57.965  INFO 14232 --- [http-nio-8080-exec-4] c.s.meajudaaajudar.service.CausaService  : TraceId: 1ee84692-9903-4908-a3e3-dd4dfadec720, cidadeId search
2020-11-17 14:03:57.967  INFO 14232 --- [http-nio-8080-exec-6] c.s.m.service.InstituicaoService         : TraceId: 9384332f-48f5-4fbf-9d25-968443c650ca, Instituicao search: Specification[Conjunction [innerSpecs=[Conjunction [innerSpecs=[Join [pathToJoinOn=cidadeEntity, alias=c, joinType=INNER, queryContext=WebRequestQueryContext [contextMap={}], distinctQuery=true], Join [pathToJoinOn=causa, alias=d, joinType=INNER, queryContext=WebRequestQueryContext [contextMap={}], distinctQuery=true]]], Conjunction [innerSpecs=[EmptyResultOnTypeMismatch [wrappedSpec=Equal [expectedValue=10023, converter=Converter [dateFormat=null, onTypeMismatch=EMPTY_RESULT], path=c.id]]]]]]]
2020-11-17 14:03:58.155  INFO 14232 --- [http-nio-8080-exec-10] c.s.meajudaaajudar.service.CausaService  : TraceId: 65a6cc6b-79dc-4110-a537-bc479da1e5c5, cidadeId search
2020-11-17 14:03:58.158  INFO 14232 --- [http-nio-8080-exec-8] c.s.m.service.InstituicaoService         : TraceId: 5fa5044e-3114-462c-9085-9061cd273da1, Instituicao search: Specification[Conjunction [innerSpecs=[Conjunction [innerSpecs=[Join [pathToJoinOn=cidadeEntity, alias=c, joinType=INNER, queryContext=WebRequestQueryContext [contextMap={}], distinctQuery=true], Join [pathToJoinOn=causa, alias=d, joinType=INNER, queryContext=WebRequestQueryContext [contextMap={}], distinctQuery=true]]], Conjunction [innerSpecs=[EmptyResultOnTypeMismatch [wrappedSpec=Equal [expectedValue=10023, converter=Converter [dateFormat=null, onTypeMismatch=EMPTY_RESULT], path=c.id]]]]]]]
2020-11-17 17:51:19.760  INFO 4552 --- [main] c.s.m.MeajudaaajudarApplication          : Starting MeajudaaajudarApplication on DESKTOP-LIC1FJT with PID 4552 (C:\Eclipse\All projects\meajudaaajudar\target\classes started by computador in C:\Eclipse\All projects\meajudaaajudar)
2020-11-17 17:51:19.764 DEBUG 4552 --- [main] c.s.m.MeajudaaajudarApplication          : Running with Spring Boot v2.3.3.RELEASE, Spring v5.2.8.RELEASE
2020-11-17 17:51:19.764  INFO 4552 --- [main] c.s.m.MeajudaaajudarApplication          : The following profiles are active: dev
2020-11-17 17:51:20.484  INFO 4552 --- [main] .s.d.r.c.RepositoryConfigurationDelegate : Bootstrapping Spring Data JPA repositories in DEFAULT mode.
2020-11-17 17:51:20.603  INFO 4552 --- [main] .s.d.r.c.RepositoryConfigurationDelegate : Finished Spring Data repository scanning in 105ms. Found 7 JPA repository interfaces.
2020-11-17 17:51:21.664  INFO 4552 --- [main] o.s.b.w.embedded.tomcat.TomcatWebServer  : Tomcat initialized with port(s): 8080 (http)
2020-11-17 17:51:21.680  INFO 4552 --- [main] o.apache.catalina.core.StandardService   : Starting service [Tomcat]
2020-11-17 17:51:21.681  INFO 4552 --- [main] org.apache.catalina.core.StandardEngine  : Starting Servlet engine: [Apache Tomcat/9.0.37]
2020-11-17 17:51:22.042  INFO 4552 --- [main] org.apache.jasper.servlet.TldScanner     : At least one JAR was scanned for TLDs yet contained no TLDs. Enable debug logging for this logger for a complete list of JARs that were scanned but no TLDs were found in them. Skipping unneeded JARs during scanning can improve startup time and JSP compilation time.
2020-11-17 17:51:22.056  INFO 4552 --- [main] o.a.c.c.C.[Tomcat].[localhost].[/]       : Initializing Spring embedded WebApplicationContext
2020-11-17 17:51:22.057  INFO 4552 --- [main] w.s.c.ServletWebServerApplicationContext : Root WebApplicationContext: initialization completed in 2235 ms
2020-11-17 17:51:22.743  INFO 4552 --- [main] com.zaxxer.hikari.HikariDataSource       : HikariPool-1 - Starting...
2020-11-17 17:51:23.540  INFO 4552 --- [main] com.zaxxer.hikari.HikariDataSource       : HikariPool-1 - Start completed.
2020-11-17 17:51:26.195  INFO 4552 --- [main] j.LocalContainerEntityManagerFactoryBean : Initialized JPA EntityManagerFactory for persistence unit 'default'
2020-11-17 17:51:27.008  WARN 4552 --- [main] JpaBaseConfiguration$JpaWebConfiguration : spring.jpa.open-in-view is enabled by default. Therefore, database queries may be performed during view rendering. Explicitly configure spring.jpa.open-in-view to disable this warning
2020-11-17 17:51:27.444  INFO 4552 --- [main] o.s.s.web.DefaultSecurityFilterChain     : Creating filter chain: any request, [org.springframework.security.web.context.request.async.WebAsyncManagerIntegrationFilter@79f59e0e, org.springframework.security.web.context.SecurityContextPersistenceFilter@31e9d94f, org.springframework.security.web.header.HeaderWriterFilter@31ab75a5, org.springframework.web.filter.CorsFilter@279ebd94, org.springframework.security.web.authentication.logout.LogoutFilter@7602c65d, com.sylleryum.meajudaaajudar.security.JwtUsernameAndPasswordAuthenticationFilter@2fa4888c, com.sylleryum.meajudaaajudar.security.TokenFilter@121f9c52, org.springframework.security.web.savedrequest.RequestCacheAwareFilter@4987142d, org.springframework.security.web.servletapi.SecurityContextHolderAwareRequestFilter@37816ea6, org.springframework.security.web.authentication.AnonymousAuthenticationFilter@47cf65f1, org.springframework.security.web.session.SessionManagementFilter@2dec57c5, org.springframework.security.web.access.ExceptionTranslationFilter@572db5ee, org.springframework.security.web.access.intercept.FilterSecurityInterceptor@6b6e2c83]
2020-11-17 17:51:27.509  INFO 4552 --- [main] o.s.s.concurrent.ThreadPoolTaskExecutor  : Initializing ExecutorService 'applicationTaskExecutor'
2020-11-17 17:51:27.738  INFO 4552 --- [main] o.s.b.w.embedded.tomcat.TomcatWebServer  : Tomcat started on port(s): 8080 (http) with context path ''
2020-11-17 17:51:27.750  INFO 4552 --- [main] c.s.m.MeajudaaajudarApplication          : Started MeajudaaajudarApplication in 8.681 seconds (JVM running for 12.044)
2020-11-17 17:51:35.736  INFO 4552 --- [http-nio-8080-exec-1] o.a.c.c.C.[Tomcat].[localhost].[/]       : Initializing Spring DispatcherServlet 'dispatcherServlet'
2020-11-17 17:51:35.736  INFO 4552 --- [http-nio-8080-exec-1] o.s.web.servlet.DispatcherServlet        : Initializing Servlet 'dispatcherServlet'
2020-11-17 17:51:35.747  INFO 4552 --- [http-nio-8080-exec-1] o.s.web.servlet.DispatcherServlet        : Completed initialization in 9 ms
2020-11-17 17:51:35.910  INFO 4552 --- [http-nio-8080-exec-5] c.s.meajudaaajudar.service.CausaService  : TraceId: 00e7d668-39b0-489e-a069-1f8bde3b4d77, cidadeId search
2020-11-17 17:51:35.934  INFO 4552 --- [http-nio-8080-exec-6] c.s.m.service.InstituicaoService         : TraceId: 48df71c4-d692-4a3c-b4e2-de5e199dfef5, Instituicao search: Specification[Conjunction [innerSpecs=[Conjunction [innerSpecs=[Join [pathToJoinOn=cidadeEntity, alias=c, joinType=INNER, queryContext=WebRequestQueryContext [contextMap={}], distinctQuery=true], Join [pathToJoinOn=causa, alias=d, joinType=INNER, queryContext=WebRequestQueryContext [contextMap={}], distinctQuery=true]]], Conjunction [innerSpecs=[EmptyResultOnTypeMismatch [wrappedSpec=Equal [expectedValue=10023, converter=Converter [dateFormat=null, onTypeMismatch=EMPTY_RESULT], path=c.id]]]]]]]
2020-11-17 17:52:08.429  INFO 4552 --- [http-nio-8080-exec-3] c.s.meajudaaajudar.service.CausaService  : TraceId: deeb028a-b831-4827-aa6b-d7723be60259, cidadeId search
2020-11-17 17:52:08.430  INFO 4552 --- [http-nio-8080-exec-1] c.s.m.service.InstituicaoService         : TraceId: c3cee077-b1f8-4770-8922-9d3aabe3173c, Instituicao search: Specification[Conjunction [innerSpecs=[Conjunction [innerSpecs=[Join [pathToJoinOn=cidadeEntity, alias=c, joinType=INNER, queryContext=WebRequestQueryContext [contextMap={}], distinctQuery=true], Join [pathToJoinOn=causa, alias=d, joinType=INNER, queryContext=WebRequestQueryContext [contextMap={}], distinctQuery=true]]], Conjunction [innerSpecs=[EmptyResultOnTypeMismatch [wrappedSpec=Equal [expectedValue=4174, converter=Converter [dateFormat=null, onTypeMismatch=EMPTY_RESULT], path=c.id]]]]]]]
2020-11-17 17:54:00.291  INFO 4552 --- [http-nio-8080-exec-7] c.s.m.service.InstituicaoService         : TraceId: 3fae344a-1c6a-49cc-b2e0-167d01afc9e6, Instituicao search: Specification[Conjunction [innerSpecs=[Conjunction [innerSpecs=[Join [pathToJoinOn=cidadeEntity, alias=c, joinType=INNER, queryContext=WebRequestQueryContext [contextMap={}], distinctQuery=true], Join [pathToJoinOn=causa, alias=d, joinType=INNER, queryContext=WebRequestQueryContext [contextMap={}], distinctQuery=true]]], Conjunction [innerSpecs=[EmptyResultOnTypeMismatch [wrappedSpec=Equal [expectedValue=10023, converter=Converter [dateFormat=null, onTypeMismatch=EMPTY_RESULT], path=c.id]]]]]]]
2020-11-17 17:54:00.291  INFO 4552 --- [http-nio-8080-exec-8] c.s.meajudaaajudar.service.CausaService  : TraceId: cfa67fad-4448-4598-8884-12d119dc2ed1, cidadeId search
2020-11-17 17:55:46.701  INFO 4552 --- [http-nio-8080-exec-3] c.s.meajudaaajudar.service.CausaService  : TraceId: 0a3626d7-94d5-4589-aa1a-82b51b4f0a44, cidadeId search
2020-11-17 17:55:46.700  INFO 4552 --- [http-nio-8080-exec-5] c.s.m.service.InstituicaoService         : TraceId: f5f1af30-ba0d-4cdb-81f5-b163a346dfa7, Instituicao search: Specification[Conjunction [innerSpecs=[Conjunction [innerSpecs=[Join [pathToJoinOn=cidadeEntity, alias=c, joinType=INNER, queryContext=WebRequestQueryContext [contextMap={}], distinctQuery=true], Join [pathToJoinOn=causa, alias=d, joinType=INNER, queryContext=WebRequestQueryContext [contextMap={}], distinctQuery=true]]], Conjunction [innerSpecs=[EmptyResultOnTypeMismatch [wrappedSpec=Equal [expectedValue=10023, converter=Converter [dateFormat=null, onTypeMismatch=EMPTY_RESULT], path=c.id]]]]]]]
2020-11-17 17:55:53.506  INFO 4552 --- [http-nio-8080-exec-10] c.s.meajudaaajudar.service.CausaService  : TraceId: 5ea9fc70-879b-4d25-91fa-29f006b5db3d, cidadeId search
2020-11-17 17:55:53.514  INFO 4552 --- [http-nio-8080-exec-2] c.s.m.service.InstituicaoService         : TraceId: a305c3a5-b016-4ec5-8fec-c233fb5407ea, Instituicao search: Specification[Conjunction [innerSpecs=[Conjunction [innerSpecs=[Join [pathToJoinOn=cidadeEntity, alias=c, joinType=INNER, queryContext=WebRequestQueryContext [contextMap={}], distinctQuery=true], Join [pathToJoinOn=causa, alias=d, joinType=INNER, queryContext=WebRequestQueryContext [contextMap={}], distinctQuery=true]]], Conjunction [innerSpecs=[EmptyResultOnTypeMismatch [wrappedSpec=Equal [expectedValue=4174, converter=Converter [dateFormat=null, onTypeMismatch=EMPTY_RESULT], path=c.id]]]]]]]
2020-11-17 17:55:56.497  INFO 4552 --- [http-nio-8080-exec-6] c.s.meajudaaajudar.service.CausaService  : TraceId: 9c1e448b-99e4-42c0-bd6a-c1dc8d949dd1, cidadeId search
2020-11-17 17:55:56.504  INFO 4552 --- [http-nio-8080-exec-8] c.s.m.service.InstituicaoService         : TraceId: 5593c55e-004a-4e93-9549-487f7d56215d, Instituicao search: Specification[Conjunction [innerSpecs=[Conjunction [innerSpecs=[Join [pathToJoinOn=cidadeEntity, alias=c, joinType=INNER, queryContext=WebRequestQueryContext [contextMap={}], distinctQuery=true], Join [pathToJoinOn=causa, alias=d, joinType=INNER, queryContext=WebRequestQueryContext [contextMap={}], distinctQuery=true]]], Conjunction [innerSpecs=[EmptyResultOnTypeMismatch [wrappedSpec=Equal [expectedValue=4174, converter=Converter [dateFormat=null, onTypeMismatch=EMPTY_RESULT], path=c.id]]]]]]]
2020-11-17 18:08:05.072  INFO 8204 --- [main] c.s.m.MeajudaaajudarApplication          : Starting MeajudaaajudarApplication on DESKTOP-LIC1FJT with PID 8204 (C:\Eclipse\All projects\meajudaaajudar\target\classes started by computador in C:\Eclipse\All projects\meajudaaajudar)
2020-11-17 18:08:05.077 DEBUG 8204 --- [main] c.s.m.MeajudaaajudarApplication          : Running with Spring Boot v2.3.3.RELEASE, Spring v5.2.8.RELEASE
2020-11-17 18:08:05.077  INFO 8204 --- [main] c.s.m.MeajudaaajudarApplication          : The following profiles are active: dev
2020-11-17 18:08:05.850  INFO 8204 --- [main] .s.d.r.c.RepositoryConfigurationDelegate : Bootstrapping Spring Data JPA repositories in DEFAULT mode.
2020-11-17 18:08:05.984  INFO 8204 --- [main] .s.d.r.c.RepositoryConfigurationDelegate : Finished Spring Data repository scanning in 120ms. Found 7 JPA repository interfaces.
2020-11-17 18:08:07.088  INFO 8204 --- [main] o.s.b.w.embedded.tomcat.TomcatWebServer  : Tomcat initialized with port(s): 8080 (http)
2020-11-17 18:08:07.105  INFO 8204 --- [main] o.apache.catalina.core.StandardService   : Starting service [Tomcat]
2020-11-17 18:08:07.106  INFO 8204 --- [main] org.apache.catalina.core.StandardEngine  : Starting Servlet engine: [Apache Tomcat/9.0.37]
2020-11-17 18:08:07.507  INFO 8204 --- [main] org.apache.jasper.servlet.TldScanner     : At least one JAR was scanned for TLDs yet contained no TLDs. Enable debug logging for this logger for a complete list of JARs that were scanned but no TLDs were found in them. Skipping unneeded JARs during scanning can improve startup time and JSP compilation time.
2020-11-17 18:08:07.522  INFO 8204 --- [main] o.a.c.c.C.[Tomcat].[localhost].[/]       : Initializing Spring embedded WebApplicationContext
2020-11-17 18:08:07.522  INFO 8204 --- [main] w.s.c.ServletWebServerApplicationContext : Root WebApplicationContext: initialization completed in 2384 ms
2020-11-17 18:08:08.232  INFO 8204 --- [main] com.zaxxer.hikari.HikariDataSource       : HikariPool-1 - Starting...
2020-11-17 18:08:08.650  INFO 8204 --- [main] com.zaxxer.hikari.HikariDataSource       : HikariPool-1 - Start completed.
2020-11-17 18:08:10.966  INFO 8204 --- [main] j.LocalContainerEntityManagerFactoryBean : Initialized JPA EntityManagerFactory for persistence unit 'default'
2020-11-17 18:08:11.795  WARN 8204 --- [main] JpaBaseConfiguration$JpaWebConfiguration : spring.jpa.open-in-view is enabled by default. Therefore, database queries may be performed during view rendering. Explicitly configure spring.jpa.open-in-view to disable this warning
2020-11-17 18:08:12.253  INFO 8204 --- [main] o.s.s.web.DefaultSecurityFilterChain     : Creating filter chain: any request, [org.springframework.security.web.context.request.async.WebAsyncManagerIntegrationFilter@502b9399, org.springframework.security.web.context.SecurityContextPersistenceFilter@664083f6, org.springframework.security.web.header.HeaderWriterFilter@6bb71265, org.springframework.web.filter.CorsFilter@433db56d, org.springframework.security.web.authentication.logout.LogoutFilter@1fc386f8, com.sylleryum.meajudaaajudar.security.JwtUsernameAndPasswordAuthenticationFilter@e23af91, com.sylleryum.meajudaaajudar.security.TokenFilter@396ec737, org.springframework.security.web.savedrequest.RequestCacheAwareFilter@67216c33, org.springframework.security.web.servletapi.SecurityContextHolderAwareRequestFilter@7b43f95c, org.springframework.security.web.authentication.AnonymousAuthenticationFilter@35d53cd8, org.springframework.security.web.session.SessionManagementFilter@7a74672, org.springframework.security.web.access.ExceptionTranslationFilter@6d6d81c, org.springframework.security.web.access.intercept.FilterSecurityInterceptor@79f59e0e]
2020-11-17 18:08:12.324  INFO 8204 --- [main] o.s.s.concurrent.ThreadPoolTaskExecutor  : Initializing ExecutorService 'applicationTaskExecutor'
2020-11-17 18:08:12.551  INFO 8204 --- [main] o.s.b.w.embedded.tomcat.TomcatWebServer  : Tomcat started on port(s): 8080 (http) with context path ''
2020-11-17 18:08:12.563  INFO 8204 --- [main] c.s.m.MeajudaaajudarApplication          : Started MeajudaaajudarApplication in 8.209 seconds (JVM running for 8.97)
2020-11-17 18:08:17.847  INFO 8204 --- [http-nio-8080-exec-1] o.a.c.c.C.[Tomcat].[localhost].[/]       : Initializing Spring DispatcherServlet 'dispatcherServlet'
2020-11-17 18:08:17.854  INFO 8204 --- [http-nio-8080-exec-1] o.s.web.servlet.DispatcherServlet        : Initializing Servlet 'dispatcherServlet'
2020-11-17 18:08:17.880  INFO 8204 --- [http-nio-8080-exec-1] o.s.web.servlet.DispatcherServlet        : Completed initialization in 24 ms
2020-11-17 18:08:18.023  INFO 8204 --- [http-nio-8080-exec-2] c.s.meajudaaajudar.service.CausaService  : TraceId: 6f9270e8-edc6-4e08-9b45-4af259347493, cidadeId search
2020-11-17 18:08:18.041  INFO 8204 --- [http-nio-8080-exec-3] c.s.m.service.InstituicaoService         : TraceId: 48b279b9-a98e-4941-a67e-257b3cc6b08a, Instituicao search: Specification[Conjunction [innerSpecs=[Conjunction [innerSpecs=[Join [pathToJoinOn=cidadeEntity, alias=c, joinType=INNER, queryContext=WebRequestQueryContext [contextMap={}], distinctQuery=true], Join [pathToJoinOn=causa, alias=d, joinType=INNER, queryContext=WebRequestQueryContext [contextMap={}], distinctQuery=true]]], Conjunction [innerSpecs=[EmptyResultOnTypeMismatch [wrappedSpec=Equal [expectedValue=10023, converter=Converter [dateFormat=null, onTypeMismatch=EMPTY_RESULT], path=c.id]]]]]]]
2020-11-17 18:08:30.921  INFO 8204 --- [http-nio-8080-exec-8] c.s.meajudaaajudar.service.CausaService  : TraceId: 8b814acc-ad8f-446c-9c57-4b06e3e07811, cidadeId search
2020-11-17 18:08:30.952  INFO 8204 --- [http-nio-8080-exec-9] c.s.m.service.InstituicaoService         : TraceId: 78db92b0-ff61-467c-8a46-89ceb943d2eb, Instituicao search: Specification[Conjunction [innerSpecs=[Conjunction [innerSpecs=[Join [pathToJoinOn=cidadeEntity, alias=c, joinType=INNER, queryContext=WebRequestQueryContext [contextMap={}], distinctQuery=true], Join [pathToJoinOn=causa, alias=d, joinType=INNER, queryContext=WebRequestQueryContext [contextMap={}], distinctQuery=true]]], Conjunction [innerSpecs=[EmptyResultOnTypeMismatch [wrappedSpec=Equal [expectedValue=10023, converter=Converter [dateFormat=null, onTypeMismatch=EMPTY_RESULT], path=c.id]]]]]]]
2020-11-17 18:11:57.169  INFO 8204 --- [http-nio-8080-exec-5] c.s.meajudaaajudar.service.CausaService  : TraceId: 8c215734-5c8d-4a49-bd79-3f28624cab47, cidadeId search
2020-11-17 18:11:57.189  INFO 8204 --- [http-nio-8080-exec-4] c.s.m.service.InstituicaoService         : TraceId: 1ddd99f5-8f59-4e17-b4a4-f8797dc681af, Instituicao search: Specification[Conjunction [innerSpecs=[Conjunction [innerSpecs=[Join [pathToJoinOn=cidadeEntity, alias=c, joinType=INNER, queryContext=WebRequestQueryContext [contextMap={}], distinctQuery=true], Join [pathToJoinOn=causa, alias=d, joinType=INNER, queryContext=WebRequestQueryContext [contextMap={}], distinctQuery=true]]], Conjunction [innerSpecs=[EmptyResultOnTypeMismatch [wrappedSpec=Equal [expectedValue=10023, converter=Converter [dateFormat=null, onTypeMismatch=EMPTY_RESULT], path=c.id]]]]]]]
2020-11-17 18:12:03.097  INFO 8204 --- [http-nio-8080-exec-10] c.s.meajudaaajudar.service.CausaService  : TraceId: 79291151-b665-4398-b9ef-28fd453c3615, cidadeId search
2020-11-17 18:12:03.107  INFO 8204 --- [http-nio-8080-exec-2] c.s.m.service.InstituicaoService         : TraceId: 4f1f5061-8d93-4fa5-94a4-4fbdab741469, Instituicao search: Specification[Conjunction [innerSpecs=[Conjunction [innerSpecs=[Join [pathToJoinOn=cidadeEntity, alias=c, joinType=INNER, queryContext=WebRequestQueryContext [contextMap={}], distinctQuery=true], Join [pathToJoinOn=causa, alias=d, joinType=INNER, queryContext=WebRequestQueryContext [contextMap={}], distinctQuery=true]]], Conjunction [innerSpecs=[EmptyResultOnTypeMismatch [wrappedSpec=Equal [expectedValue=10023, converter=Converter [dateFormat=null, onTypeMismatch=EMPTY_RESULT], path=c.id]]]]]]]
2020-11-17 18:18:52.890  INFO 8204 --- [http-nio-8080-exec-8] c.s.meajudaaajudar.service.CausaService  : TraceId: 16ba5d5e-9106-43ef-a377-bb44b0c1ba86, cidadeId search
2020-11-17 18:18:52.911  INFO 8204 --- [http-nio-8080-exec-9] c.s.m.service.InstituicaoService         : TraceId: 11f43420-623d-42be-8f99-0dbc0087d7cf, Instituicao search: Specification[Conjunction [innerSpecs=[Conjunction [innerSpecs=[Join [pathToJoinOn=cidadeEntity, alias=c, joinType=INNER, queryContext=WebRequestQueryContext [contextMap={}], distinctQuery=true], Join [pathToJoinOn=causa, alias=d, joinType=INNER, queryContext=WebRequestQueryContext [contextMap={}], distinctQuery=true]]], Conjunction [innerSpecs=[EmptyResultOnTypeMismatch [wrappedSpec=Equal [expectedValue=10023, converter=Converter [dateFormat=null, onTypeMismatch=EMPTY_RESULT], path=c.id]]]]]]]
2020-11-17 18:33:58.382  INFO 8204 --- [http-nio-8080-exec-6] c.s.m.service.InstituicaoService         : TraceId: 02a4e758-e139-4aa0-81e5-49bf5c560340, Instituicao search: Specification[Conjunction [innerSpecs=[Conjunction [innerSpecs=[Join [pathToJoinOn=cidadeEntity, alias=c, joinType=INNER, queryContext=WebRequestQueryContext [contextMap={}], distinctQuery=true], Join [pathToJoinOn=causa, alias=d, joinType=INNER, queryContext=WebRequestQueryContext [contextMap={}], distinctQuery=true]]], Conjunction [innerSpecs=[EmptyResultOnTypeMismatch [wrappedSpec=Equal [expectedValue=10023, converter=Converter [dateFormat=null, onTypeMismatch=EMPTY_RESULT], path=c.id]]]]]]]
2020-11-17 18:33:58.383  INFO 8204 --- [http-nio-8080-exec-9] c.s.meajudaaajudar.service.CausaService  : TraceId: 8f035c2d-0d52-4b03-9b94-10ac07e2e913, cidadeId search
2020-11-17 18:53:05.983  INFO 15200 --- [main] c.s.m.MeajudaaajudarApplicationTests     : Starting MeajudaaajudarApplicationTests on DESKTOP-LIC1FJT with PID 15200 (started by computador in C:\Eclipse\All projects\meajudaaajudar)
2020-11-17 18:53:05.985 DEBUG 15200 --- [main] c.s.m.MeajudaaajudarApplicationTests     : Running with Spring Boot v2.3.3.RELEASE, Spring v5.2.8.RELEASE
2020-11-17 18:53:05.986  INFO 15200 --- [main] c.s.m.MeajudaaajudarApplicationTests     : The following profiles are active: dev
2020-11-17 18:53:07.334  INFO 15200 --- [main] .s.d.r.c.RepositoryConfigurationDelegate : Bootstrapping Spring Data JPA repositories in DEFAULT mode.
2020-11-17 18:53:07.509  INFO 15200 --- [main] .s.d.r.c.RepositoryConfigurationDelegate : Finished Spring Data repository scanning in 158ms. Found 7 JPA repository interfaces.
2020-11-17 18:53:10.091  INFO 15200 --- [main] com.zaxxer.hikari.HikariDataSource       : HikariPool-1 - Starting...
2020-11-17 18:53:12.444  INFO 15200 --- [main] com.zaxxer.hikari.HikariDataSource       : HikariPool-1 - Start completed.
2020-11-17 18:53:17.649  INFO 15200 --- [main] j.LocalContainerEntityManagerFactoryBean : Initialized JPA EntityManagerFactory for persistence unit 'default'
2020-11-17 18:53:19.529  WARN 15200 --- [main] JpaBaseConfiguration$JpaWebConfiguration : spring.jpa.open-in-view is enabled by default. Therefore, database queries may be performed during view rendering. Explicitly configure spring.jpa.open-in-view to disable this warning
2020-11-17 18:53:20.965  INFO 15200 --- [main] o.s.s.web.DefaultSecurityFilterChain     : Creating filter chain: any request, [org.springframework.security.web.context.request.async.WebAsyncManagerIntegrationFilter@3333245e, org.springframework.security.web.context.SecurityContextPersistenceFilter@2a666c8e, org.springframework.security.web.header.HeaderWriterFilter@6f6c6c70, org.springframework.web.filter.CorsFilter@147c4523, org.springframework.security.web.authentication.logout.LogoutFilter@1b984ba5, com.sylleryum.meajudaaajudar.security.JwtUsernameAndPasswordAuthenticationFilter@551725e4, com.sylleryum.meajudaaajudar.security.TokenFilter@760d6350, org.springframework.security.web.savedrequest.RequestCacheAwareFilter@6bcfb561, org.springframework.security.web.servletapi.SecurityContextHolderAwareRequestFilter@f7b7720, org.springframework.security.web.authentication.AnonymousAuthenticationFilter@5cb6b81b, org.springframework.security.web.session.SessionManagementFilter@72ea6fcb, org.springframework.security.web.access.ExceptionTranslationFilter@58be583e, org.springframework.security.web.access.intercept.FilterSecurityInterceptor@531292ed]
2020-11-17 18:53:21.981  INFO 15200 --- [main] o.s.s.concurrent.ThreadPoolTaskExecutor  : Initializing ExecutorService 'applicationTaskExecutor'
2020-11-17 18:53:23.007  INFO 15200 --- [main] c.s.m.MeajudaaajudarApplicationTests     : Started MeajudaaajudarApplicationTests in 17.888 seconds (JVM running for 22.041)
2020-11-17 18:53:24.825  INFO 15200 --- [SpringContextShutdownHook] o.s.s.concurrent.ThreadPoolTaskExecutor  : Shutting down ExecutorService 'applicationTaskExecutor'
2020-11-17 18:53:24.834  INFO 15200 --- [SpringContextShutdownHook] j.LocalContainerEntityManagerFactoryBean : Closing JPA EntityManagerFactory for persistence unit 'default'
2020-11-17 18:53:24.930  INFO 15200 --- [SpringContextShutdownHook] com.zaxxer.hikari.HikariDataSource       : HikariPool-1 - Shutdown initiated...
2020-11-17 18:53:24.952  INFO 15200 --- [SpringContextShutdownHook] com.zaxxer.hikari.HikariDataSource       : HikariPool-1 - Shutdown completed.
